Clipping input data to the valid range for imshow with RGB data ([0..1] for floats or [0..255] for integers).
/home/vllgsbr2/scratch/anaconda3/envs/burnscar/lib/python3.11/site-packages/matplotlib/cm.py:489: RuntimeWarning: invalid value encountered in cast
  xx = (xx * 255).astype(np.uint8)
Clipping input data to the valid range for imshow with RGB data ([0..1] for floats or [0..255] for integers).
/home/vllgsbr2/scratch/anaconda3/envs/burnscar/lib/python3.11/site-packages/matplotlib/cm.py:489: RuntimeWarning: invalid value encountered in cast
  xx = (xx * 255).astype(np.uint8)
Clipping input data to the valid range for imshow with RGB data ([0..1] for floats or [0..255] for integers).
/home/vllgsbr2/scratch/anaconda3/envs/burnscar/lib/python3.11/site-packages/matplotlib/cm.py:489: RuntimeWarning: invalid value encountered in cast
  xx = (xx * 255).astype(np.uint8)
Clipping input data to the valid range for imshow with RGB data ([0..1] for floats or [0..255] for integers).
/home/vllgsbr2/scratch/anaconda3/envs/burnscar/lib/python3.11/site-packages/matplotlib/cm.py:489: RuntimeWarning: invalid value encountered in cast
  xx = (xx * 255).astype(np.uint8)
Clipping input data to the valid range for imshow with RGB data ([0..1] for floats or [0..255] for integers).
/home/vllgsbr2/scratch/anaconda3/envs/burnscar/lib/python3.11/site-packages/matplotlib/cm.py:489: RuntimeWarning: invalid value encountered in cast
  xx = (xx * 255).astype(np.uint8)
Clipping input data to the valid range for imshow with RGB data ([0..1] for floats or [0..255] for integers).
/home/vllgsbr2/scratch/anaconda3/envs/burnscar/lib/python3.11/site-packages/matplotlib/cm.py:489: RuntimeWarning: invalid value encountered in cast
  xx = (xx * 255).astype(np.uint8)
Clipping input data to the valid range for imshow with RGB data ([0..1] for floats or [0..255] for integers).
/home/vllgsbr2/scratch/anaconda3/envs/burnscar/lib/python3.11/site-packages/matplotlib/cm.py:489: RuntimeWarning: invalid value encountered in cast
  xx = (xx * 255).astype(np.uint8)
Clipping input data to the valid range for imshow with RGB data ([0..1] for floats or [0..255] for integers).
/home/vllgsbr2/scratch/anaconda3/envs/burnscar/lib/python3.11/site-packages/matplotlib/cm.py:489: RuntimeWarning: invalid value encountered in cast
  xx = (xx * 255).astype(np.uint8)
Clipping input data to the valid range for imshow with RGB data ([0..1] for floats or [0..255] for integers).
/home/vllgsbr2/scratch/anaconda3/envs/burnscar/lib/python3.11/site-packages/matplotlib/cm.py:489: RuntimeWarning: invalid value encountered in cast
  xx = (xx * 255).astype(np.uint8)
Clipping input data to the valid range for imshow with RGB data ([0..1] for floats or [0..255] for integers).
/home/vllgsbr2/scratch/anaconda3/envs/burnscar/lib/python3.11/site-packages/matplotlib/cm.py:489: RuntimeWarning: invalid value encountered in cast
  xx = (xx * 255).astype(np.uint8)
Clipping input data to the valid range for imshow with RGB data ([0..1] for floats or [0..255] for integers).
/home/vllgsbr2/scratch/anaconda3/envs/burnscar/lib/python3.11/site-packages/matplotlib/cm.py:489: RuntimeWarning: invalid value encountered in cast
  xx = (xx * 255).astype(np.uint8)
Clipping input data to the valid range for imshow with RGB data ([0..1] for floats or [0..255] for integers).
/home/vllgsbr2/scratch/anaconda3/envs/burnscar/lib/python3.11/site-packages/matplotlib/cm.py:489: RuntimeWarning: invalid value encountered in cast
  xx = (xx * 255).astype(np.uint8)
Clipping input data to the valid range for imshow with RGB data ([0..1] for floats or [0..255] for integers).
/home/vllgsbr2/scratch/anaconda3/envs/burnscar/lib/python3.11/site-packages/matplotlib/cm.py:489: RuntimeWarning: invalid value encountered in cast
  xx = (xx * 255).astype(np.uint8)
Clipping input data to the valid range for imshow with RGB data ([0..1] for floats or [0..255] for integers).
/home/vllgsbr2/scratch/anaconda3/envs/burnscar/lib/python3.11/site-packages/matplotlib/cm.py:489: RuntimeWarning: invalid value encountered in cast
  xx = (xx * 255).astype(np.uint8)
Clipping input data to the valid range for imshow with RGB data ([0..1] for floats or [0..255] for integers).
/home/vllgsbr2/scratch/anaconda3/envs/burnscar/lib/python3.11/site-packages/matplotlib/cm.py:489: RuntimeWarning: invalid value encountered in cast
  xx = (xx * 255).astype(np.uint8)
Clipping input data to the valid range for imshow with RGB data ([0..1] for floats or [0..255] for integers).
/home/vllgsbr2/scratch/anaconda3/envs/burnscar/lib/python3.11/site-packages/matplotlib/cm.py:489: RuntimeWarning: invalid value encountered in cast
  xx = (xx * 255).astype(np.uint8)
Clipping input data to the valid range for imshow with RGB data ([0..1] for floats or [0..255] for integers).
/home/vllgsbr2/scratch/anaconda3/envs/burnscar/lib/python3.11/site-packages/matplotlib/cm.py:489: RuntimeWarning: invalid value encountered in cast
  xx = (xx * 255).astype(np.uint8)
Clipping input data to the valid range for imshow with RGB data ([0..1] for floats or [0..255] for integers).
/home/vllgsbr2/scratch/anaconda3/envs/burnscar/lib/python3.11/site-packages/matplotlib/cm.py:489: RuntimeWarning: invalid value encountered in cast
  xx = (xx * 255).astype(np.uint8)
Clipping input data to the valid range for imshow with RGB data ([0..1] for floats or [0..255] for integers).
/home/vllgsbr2/scratch/anaconda3/envs/burnscar/lib/python3.11/site-packages/matplotlib/cm.py:489: RuntimeWarning: invalid value encountered in cast
  xx = (xx * 255).astype(np.uint8)
Clipping input data to the valid range for imshow with RGB data ([0..1] for floats or [0..255] for integers).
/home/vllgsbr2/scratch/anaconda3/envs/burnscar/lib/python3.11/site-packages/matplotlib/cm.py:489: RuntimeWarning: invalid value encountered in cast
  xx = (xx * 255).astype(np.uint8)
/scratch/zt1/project/vllgsbr2-prj/git_burn_scar_composite_dev_and_analysis/fix_plotting.py:139: RuntimeWarning: More than 20 figures have been opened. Figures created through the pyplot interface (`matplotlib.pyplot.figure`) are retained until explicitly closed and may consume too much memory. (To control this warning, see the rcParam `figure.max_open_warning`). Consider using `matplotlib.pyplot.close()`.
  fig, ax = plt.subplots(1, 2, sharex=True, sharey=True, figsize=(16,9))
Clipping input data to the valid range for imshow with RGB data ([0..1] for floats or [0..255] for integers).
/home/vllgsbr2/scratch/anaconda3/envs/burnscar/lib/python3.11/site-packages/matplotlib/cm.py:489: RuntimeWarning: invalid value encountered in cast
  xx = (xx * 255).astype(np.uint8)
Clipping input data to the valid range for imshow with RGB data ([0..1] for floats or [0..255] for integers).
/home/vllgsbr2/scratch/anaconda3/envs/burnscar/lib/python3.11/site-packages/matplotlib/cm.py:489: RuntimeWarning: invalid value encountered in cast
  xx = (xx * 255).astype(np.uint8)
Clipping input data to the valid range for imshow with RGB data ([0..1] for floats or [0..255] for integers).
/home/vllgsbr2/scratch/anaconda3/envs/burnscar/lib/python3.11/site-packages/matplotlib/cm.py:489: RuntimeWarning: invalid value encountered in cast
  xx = (xx * 255).astype(np.uint8)
Clipping input data to the valid range for imshow with RGB data ([0..1] for floats or [0..255] for integers).
/home/vllgsbr2/scratch/anaconda3/envs/burnscar/lib/python3.11/site-packages/matplotlib/cm.py:489: RuntimeWarning: invalid value encountered in cast
  xx = (xx * 255).astype(np.uint8)
Clipping input data to the valid range for imshow with RGB data ([0..1] for floats or [0..255] for integers).
/home/vllgsbr2/scratch/anaconda3/envs/burnscar/lib/python3.11/site-packages/matplotlib/cm.py:489: RuntimeWarning: invalid value encountered in cast
  xx = (xx * 255).astype(np.uint8)
Clipping input data to the valid range for imshow with RGB data ([0..1] for floats or [0..255] for integers).
/home/vllgsbr2/scratch/anaconda3/envs/burnscar/lib/python3.11/site-packages/matplotlib/cm.py:489: RuntimeWarning: invalid value encountered in cast
  xx = (xx * 255).astype(np.uint8)
Clipping input data to the valid range for imshow with RGB data ([0..1] for floats or [0..255] for integers).
/home/vllgsbr2/scratch/anaconda3/envs/burnscar/lib/python3.11/site-packages/matplotlib/cm.py:489: RuntimeWarning: invalid value encountered in cast
  xx = (xx * 255).astype(np.uint8)
Clipping input data to the valid range for imshow with RGB data ([0..1] for floats or [0..255] for integers).
/home/vllgsbr2/scratch/anaconda3/envs/burnscar/lib/python3.11/site-packages/matplotlib/cm.py:489: RuntimeWarning: invalid value encountered in cast
  xx = (xx * 255).astype(np.uint8)
Clipping input data to the valid range for imshow with RGB data ([0..1] for floats or [0..255] for integers).
/home/vllgsbr2/scratch/anaconda3/envs/burnscar/lib/python3.11/site-packages/matplotlib/cm.py:489: RuntimeWarning: invalid value encountered in cast
  xx = (xx * 255).astype(np.uint8)
Clipping input data to the valid range for imshow with RGB data ([0..1] for floats or [0..255] for integers).
/home/vllgsbr2/scratch/anaconda3/envs/burnscar/lib/python3.11/site-packages/matplotlib/cm.py:489: RuntimeWarning: invalid value encountered in cast
  xx = (xx * 255).astype(np.uint8)
Clipping input data to the valid range for imshow with RGB data ([0..1] for floats or [0..255] for integers).
/home/vllgsbr2/scratch/anaconda3/envs/burnscar/lib/python3.11/site-packages/matplotlib/cm.py:489: RuntimeWarning: invalid value encountered in cast
  xx = (xx * 255).astype(np.uint8)
Clipping input data to the valid range for imshow with RGB data ([0..1] for floats or [0..255] for integers).
/home/vllgsbr2/scratch/anaconda3/envs/burnscar/lib/python3.11/site-packages/matplotlib/cm.py:489: RuntimeWarning: invalid value encountered in cast
  xx = (xx * 255).astype(np.uint8)
Clipping input data to the valid range for imshow with RGB data ([0..1] for floats or [0..255] for integers).
/home/vllgsbr2/scratch/anaconda3/envs/burnscar/lib/python3.11/site-packages/matplotlib/cm.py:489: RuntimeWarning: invalid value encountered in cast
  xx = (xx * 255).astype(np.uint8)
Clipping input data to the valid range for imshow with RGB data ([0..1] for floats or [0..255] for integers).
/home/vllgsbr2/scratch/anaconda3/envs/burnscar/lib/python3.11/site-packages/matplotlib/cm.py:489: RuntimeWarning: invalid value encountered in cast
  xx = (xx * 255).astype(np.uint8)
Clipping input data to the valid range for imshow with RGB data ([0..1] for floats or [0..255] for integers).
/home/vllgsbr2/scratch/anaconda3/envs/burnscar/lib/python3.11/site-packages/matplotlib/cm.py:489: RuntimeWarning: invalid value encountered in cast
  xx = (xx * 255).astype(np.uint8)
Clipping input data to the valid range for imshow with RGB data ([0..1] for floats or [0..255] for integers).
/home/vllgsbr2/scratch/anaconda3/envs/burnscar/lib/python3.11/site-packages/matplotlib/cm.py:489: RuntimeWarning: invalid value encountered in cast
  xx = (xx * 255).astype(np.uint8)
Clipping input data to the valid range for imshow with RGB data ([0..1] for floats or [0..255] for integers).
/home/vllgsbr2/scratch/anaconda3/envs/burnscar/lib/python3.11/site-packages/matplotlib/cm.py:489: RuntimeWarning: invalid value encountered in cast
  xx = (xx * 255).astype(np.uint8)
Clipping input data to the valid range for imshow with RGB data ([0..1] for floats or [0..255] for integers).
/home/vllgsbr2/scratch/anaconda3/envs/burnscar/lib/python3.11/site-packages/matplotlib/cm.py:489: RuntimeWarning: invalid value encountered in cast
  xx = (xx * 255).astype(np.uint8)
Clipping input data to the valid range for imshow with RGB data ([0..1] for floats or [0..255] for integers).
/home/vllgsbr2/scratch/anaconda3/envs/burnscar/lib/python3.11/site-packages/matplotlib/cm.py:489: RuntimeWarning: invalid value encountered in cast
  xx = (xx * 255).astype(np.uint8)
Clipping input data to the valid range for imshow with RGB data ([0..1] for floats or [0..255] for integers).
/home/vllgsbr2/scratch/anaconda3/envs/burnscar/lib/python3.11/site-packages/matplotlib/cm.py:489: RuntimeWarning: invalid value encountered in cast
  xx = (xx * 255).astype(np.uint8)
Clipping input data to the valid range for imshow with RGB data ([0..1] for floats or [0..255] for integers).
/home/vllgsbr2/scratch/anaconda3/envs/burnscar/lib/python3.11/site-packages/matplotlib/cm.py:489: RuntimeWarning: invalid value encountered in cast
  xx = (xx * 255).astype(np.uint8)
Clipping input data to the valid range for imshow with RGB data ([0..1] for floats or [0..255] for integers).
/home/vllgsbr2/scratch/anaconda3/envs/burnscar/lib/python3.11/site-packages/matplotlib/cm.py:489: RuntimeWarning: invalid value encountered in cast
  xx = (xx * 255).astype(np.uint8)
Clipping input data to the valid range for imshow with RGB data ([0..1] for floats or [0..255] for integers).
/home/vllgsbr2/scratch/anaconda3/envs/burnscar/lib/python3.11/site-packages/matplotlib/cm.py:489: RuntimeWarning: invalid value encountered in cast
  xx = (xx * 255).astype(np.uint8)
Clipping input data to the valid range for imshow with RGB data ([0..1] for floats or [0..255] for integers).
/home/vllgsbr2/scratch/anaconda3/envs/burnscar/lib/python3.11/site-packages/matplotlib/cm.py:489: RuntimeWarning: invalid value encountered in cast
  xx = (xx * 255).astype(np.uint8)
Clipping input data to the valid range for imshow with RGB data ([0..1] for floats or [0..255] for integers).
/home/vllgsbr2/scratch/anaconda3/envs/burnscar/lib/python3.11/site-packages/matplotlib/cm.py:489: RuntimeWarning: invalid value encountered in cast
  xx = (xx * 255).astype(np.uint8)
Clipping input data to the valid range for imshow with RGB data ([0..1] for floats or [0..255] for integers).
/home/vllgsbr2/scratch/anaconda3/envs/burnscar/lib/python3.11/site-packages/matplotlib/cm.py:489: RuntimeWarning: invalid value encountered in cast
  xx = (xx * 255).astype(np.uint8)
Clipping input data to the valid range for imshow with RGB data ([0..1] for floats or [0..255] for integers).
/home/vllgsbr2/scratch/anaconda3/envs/burnscar/lib/python3.11/site-packages/matplotlib/cm.py:489: RuntimeWarning: invalid value encountered in cast
  xx = (xx * 255).astype(np.uint8)
Clipping input data to the valid range for imshow with RGB data ([0..1] for floats or [0..255] for integers).
/home/vllgsbr2/scratch/anaconda3/envs/burnscar/lib/python3.11/site-packages/matplotlib/cm.py:489: RuntimeWarning: invalid value encountered in cast
  xx = (xx * 255).astype(np.uint8)
Clipping input data to the valid range for imshow with RGB data ([0..1] for floats or [0..255] for integers).
/home/vllgsbr2/scratch/anaconda3/envs/burnscar/lib/python3.11/site-packages/matplotlib/cm.py:489: RuntimeWarning: invalid value encountered in cast
  xx = (xx * 255).astype(np.uint8)
Clipping input data to the valid range for imshow with RGB data ([0..1] for floats or [0..255] for integers).
/home/vllgsbr2/scratch/anaconda3/envs/burnscar/lib/python3.11/site-packages/matplotlib/cm.py:489: RuntimeWarning: invalid value encountered in cast
  xx = (xx * 255).astype(np.uint8)
Clipping input data to the valid range for imshow with RGB data ([0..1] for floats or [0..255] for integers).
/home/vllgsbr2/scratch/anaconda3/envs/burnscar/lib/python3.11/site-packages/matplotlib/cm.py:489: RuntimeWarning: invalid value encountered in cast
  xx = (xx * 255).astype(np.uint8)
Clipping input data to the valid range for imshow with RGB data ([0..1] for floats or [0..255] for integers).
/home/vllgsbr2/scratch/anaconda3/envs/burnscar/lib/python3.11/site-packages/matplotlib/cm.py:489: RuntimeWarning: invalid value encountered in cast
  xx = (xx * 255).astype(np.uint8)
Clipping input data to the valid range for imshow with RGB data ([0..1] for floats or [0..255] for integers).
/home/vllgsbr2/scratch/anaconda3/envs/burnscar/lib/python3.11/site-packages/matplotlib/cm.py:489: RuntimeWarning: invalid value encountered in cast
  xx = (xx * 255).astype(np.uint8)
Clipping input data to the valid range for imshow with RGB data ([0..1] for floats or [0..255] for integers).
/home/vllgsbr2/scratch/anaconda3/envs/burnscar/lib/python3.11/site-packages/matplotlib/cm.py:489: RuntimeWarning: invalid value encountered in cast
  xx = (xx * 255).astype(np.uint8)
Clipping input data to the valid range for imshow with RGB data ([0..1] for floats or [0..255] for integers).
/home/vllgsbr2/scratch/anaconda3/envs/burnscar/lib/python3.11/site-packages/matplotlib/cm.py:489: RuntimeWarning: invalid value encountered in cast
  xx = (xx * 255).astype(np.uint8)
Clipping input data to the valid range for imshow with RGB data ([0..1] for floats or [0..255] for integers).
/home/vllgsbr2/scratch/anaconda3/envs/burnscar/lib/python3.11/site-packages/matplotlib/cm.py:489: RuntimeWarning: invalid value encountered in cast
  xx = (xx * 255).astype(np.uint8)
Clipping input data to the valid range for imshow with RGB data ([0..1] for floats or [0..255] for integers).
/home/vllgsbr2/scratch/anaconda3/envs/burnscar/lib/python3.11/site-packages/matplotlib/cm.py:489: RuntimeWarning: invalid value encountered in cast
  xx = (xx * 255).astype(np.uint8)
Clipping input data to the valid range for imshow with RGB data ([0..1] for floats or [0..255] for integers).
/home/vllgsbr2/scratch/anaconda3/envs/burnscar/lib/python3.11/site-packages/matplotlib/cm.py:489: RuntimeWarning: invalid value encountered in cast
  xx = (xx * 255).astype(np.uint8)
Clipping input data to the valid range for imshow with RGB data ([0..1] for floats or [0..255] for integers).
/home/vllgsbr2/scratch/anaconda3/envs/burnscar/lib/python3.11/site-packages/matplotlib/cm.py:489: RuntimeWarning: invalid value encountered in cast
  xx = (xx * 255).astype(np.uint8)
Clipping input data to the valid range for imshow with RGB data ([0..1] for floats or [0..255] for integers).
/home/vllgsbr2/scratch/anaconda3/envs/burnscar/lib/python3.11/site-packages/matplotlib/cm.py:489: RuntimeWarning: invalid value encountered in cast
  xx = (xx * 255).astype(np.uint8)
Clipping input data to the valid range for imshow with RGB data ([0..1] for floats or [0..255] for integers).
/home/vllgsbr2/scratch/anaconda3/envs/burnscar/lib/python3.11/site-packages/matplotlib/cm.py:489: RuntimeWarning: invalid value encountered in cast
  xx = (xx * 255).astype(np.uint8)
Clipping input data to the valid range for imshow with RGB data ([0..1] for floats or [0..255] for integers).
/home/vllgsbr2/scratch/anaconda3/envs/burnscar/lib/python3.11/site-packages/matplotlib/cm.py:489: RuntimeWarning: invalid value encountered in cast
  xx = (xx * 255).astype(np.uint8)
Clipping input data to the valid range for imshow with RGB data ([0..1] for floats or [0..255] for integers).
/home/vllgsbr2/scratch/anaconda3/envs/burnscar/lib/python3.11/site-packages/matplotlib/cm.py:489: RuntimeWarning: invalid value encountered in cast
  xx = (xx * 255).astype(np.uint8)
Clipping input data to the valid range for imshow with RGB data ([0..1] for floats or [0..255] for integers).
/home/vllgsbr2/scratch/anaconda3/envs/burnscar/lib/python3.11/site-packages/matplotlib/cm.py:489: RuntimeWarning: invalid value encountered in cast
  xx = (xx * 255).astype(np.uint8)
Clipping input data to the valid range for imshow with RGB data ([0..1] for floats or [0..255] for integers).
/home/vllgsbr2/scratch/anaconda3/envs/burnscar/lib/python3.11/site-packages/matplotlib/cm.py:489: RuntimeWarning: invalid value encountered in cast
  xx = (xx * 255).astype(np.uint8)
Clipping input data to the valid range for imshow with RGB data ([0..1] for floats or [0..255] for integers).
/home/vllgsbr2/scratch/anaconda3/envs/burnscar/lib/python3.11/site-packages/matplotlib/cm.py:489: RuntimeWarning: invalid value encountered in cast
  xx = (xx * 255).astype(np.uint8)
Clipping input data to the valid range for imshow with RGB data ([0..1] for floats or [0..255] for integers).
/home/vllgsbr2/scratch/anaconda3/envs/burnscar/lib/python3.11/site-packages/matplotlib/cm.py:489: RuntimeWarning: invalid value encountered in cast
  xx = (xx * 255).astype(np.uint8)
Clipping input data to the valid range for imshow with RGB data ([0..1] for floats or [0..255] for integers).
/home/vllgsbr2/scratch/anaconda3/envs/burnscar/lib/python3.11/site-packages/matplotlib/cm.py:489: RuntimeWarning: invalid value encountered in cast
  xx = (xx * 255).astype(np.uint8)
Clipping input data to the valid range for imshow with RGB data ([0..1] for floats or [0..255] for integers).
/home/vllgsbr2/scratch/anaconda3/envs/burnscar/lib/python3.11/site-packages/matplotlib/cm.py:489: RuntimeWarning: invalid value encountered in cast
  xx = (xx * 255).astype(np.uint8)
Clipping input data to the valid range for imshow with RGB data ([0..1] for floats or [0..255] for integers).
/home/vllgsbr2/scratch/anaconda3/envs/burnscar/lib/python3.11/site-packages/matplotlib/cm.py:489: RuntimeWarning: invalid value encountered in cast
  xx = (xx * 255).astype(np.uint8)
Clipping input data to the valid range for imshow with RGB data ([0..1] for floats or [0..255] for integers).
/home/vllgsbr2/scratch/anaconda3/envs/burnscar/lib/python3.11/site-packages/matplotlib/cm.py:489: RuntimeWarning: invalid value encountered in cast
  xx = (xx * 255).astype(np.uint8)
Clipping input data to the valid range for imshow with RGB data ([0..1] for floats or [0..255] for integers).
/home/vllgsbr2/scratch/anaconda3/envs/burnscar/lib/python3.11/site-packages/matplotlib/cm.py:489: RuntimeWarning: invalid value encountered in cast
  xx = (xx * 255).astype(np.uint8)
Clipping input data to the valid range for imshow with RGB data ([0..1] for floats or [0..255] for integers).
/home/vllgsbr2/scratch/anaconda3/envs/burnscar/lib/python3.11/site-packages/matplotlib/cm.py:489: RuntimeWarning: invalid value encountered in cast
  xx = (xx * 255).astype(np.uint8)
Clipping input data to the valid range for imshow with RGB data ([0..1] for floats or [0..255] for integers).
/home/vllgsbr2/scratch/anaconda3/envs/burnscar/lib/python3.11/site-packages/matplotlib/cm.py:489: RuntimeWarning: invalid value encountered in cast
  xx = (xx * 255).astype(np.uint8)
Clipping input data to the valid range for imshow with RGB data ([0..1] for floats or [0..255] for integers).
/home/vllgsbr2/scratch/anaconda3/envs/burnscar/lib/python3.11/site-packages/matplotlib/cm.py:489: RuntimeWarning: invalid value encountered in cast
  xx = (xx * 255).astype(np.uint8)
Clipping input data to the valid range for imshow with RGB data ([0..1] for floats or [0..255] for integers).
/home/vllgsbr2/scratch/anaconda3/envs/burnscar/lib/python3.11/site-packages/matplotlib/cm.py:489: RuntimeWarning: invalid value encountered in cast
  xx = (xx * 255).astype(np.uint8)
Clipping input data to the valid range for imshow with RGB data ([0..1] for floats or [0..255] for integers).
/home/vllgsbr2/scratch/anaconda3/envs/burnscar/lib/python3.11/site-packages/matplotlib/cm.py:489: RuntimeWarning: invalid value encountered in cast
  xx = (xx * 255).astype(np.uint8)
Clipping input data to the valid range for imshow with RGB data ([0..1] for floats or [0..255] for integers).
/home/vllgsbr2/scratch/anaconda3/envs/burnscar/lib/python3.11/site-packages/matplotlib/cm.py:489: RuntimeWarning: invalid value encountered in cast
  xx = (xx * 255).astype(np.uint8)
