13 /scratch/zt1/project/vllgsbr2-prj/burnscar_project/data/figures/GMM_figures/3refs/burn_scar_gmm_results.nClusters_13.R_2250_1.R_0860_1.R_0670_1.VZA_0.cosSZA_0.RAA_0.NDVI_0.NBR_0.pbsm_0.SAVI_0
11 /scratch/zt1/project/vllgsbr2-prj/burnscar_project/data/figures/GMM_figures/3refs/burn_scar_gmm_results.nClusters_11.R_2250_1.R_0860_1.R_0670_1.VZA_0.cosSZA_0.RAA_0.NDVI_0.NBR_0.pbsm_0.SAVI_0
12 /scratch/zt1/project/vllgsbr2-prj/burnscar_project/data/figures/GMM_figures/3refs/burn_scar_gmm_results.nClusters_12.R_2250_1.R_0860_1.R_0670_1.VZA_0.cosSZA_0.RAA_0.NDVI_0.NBR_0.pbsm_0.SAVI_0
14 /scratch/zt1/project/vllgsbr2-prj/burnscar_project/data/figures/GMM_figures/3refs/burn_scar_gmm_results.nClusters_14.R_2250_1.R_0860_1.R_0670_1.VZA_0.cosSZA_0.RAA_0.NDVI_0.NBR_0.pbsm_0.SAVI_0
4 /scratch/zt1/project/vllgsbr2-prj/burnscar_project/data/figures/GMM_figures/3refs/burn_scar_gmm_results.nClusters_04.R_2250_1.R_0860_1.R_0670_1.VZA_0.cosSZA_0.RAA_0.NDVI_0.NBR_0.pbsm_0.SAVI_0
9 /scratch/zt1/project/vllgsbr2-prj/burnscar_project/data/figures/GMM_figures/3refs/burn_scar_gmm_results.nClusters_09.R_2250_1.R_0860_1.R_0670_1.VZA_0.cosSZA_0.RAA_0.NDVI_0.NBR_0.pbsm_0.SAVI_0
6 /scratch/zt1/project/vllgsbr2-prj/burnscar_project/data/figures/GMM_figures/3refs/burn_scar_gmm_results.nClusters_06.R_2250_1.R_0860_1.R_0670_1.VZA_0.cosSZA_0.RAA_0.NDVI_0.NBR_0.pbsm_0.SAVI_0
2 /scratch/zt1/project/vllgsbr2-prj/burnscar_project/data/figures/GMM_figures/3refs/burn_scar_gmm_results.nClusters_02.R_2250_1.R_0860_1.R_0670_1.VZA_0.cosSZA_0.RAA_0.NDVI_0.NBR_0.pbsm_0.SAVI_0
3 /scratch/zt1/project/vllgsbr2-prj/burnscar_project/data/figures/GMM_figures/3refs/burn_scar_gmm_results.nClusters_03.R_2250_1.R_0860_1.R_0670_1.VZA_0.cosSZA_0.RAA_0.NDVI_0.NBR_0.pbsm_0.SAVI_0
8 /scratch/zt1/project/vllgsbr2-prj/burnscar_project/data/figures/GMM_figures/3refs/burn_scar_gmm_results.nClusters_08.R_2250_1.R_0860_1.R_0670_1.VZA_0.cosSZA_0.RAA_0.NDVI_0.NBR_0.pbsm_0.SAVI_0
5 /scratch/zt1/project/vllgsbr2-prj/burnscar_project/data/figures/GMM_figures/3refs/burn_scar_gmm_results.nClusters_05.R_2250_1.R_0860_1.R_0670_1.VZA_0.cosSZA_0.RAA_0.NDVI_0.NBR_0.pbsm_0.SAVI_0
7 /scratch/zt1/project/vllgsbr2-prj/burnscar_project/data/figures/GMM_figures/3refs/burn_scar_gmm_results.nClusters_07.R_2250_1.R_0860_1.R_0670_1.VZA_0.cosSZA_0.RAA_0.NDVI_0.NBR_0.pbsm_0.SAVI_0
10 /scratch/zt1/project/vllgsbr2-prj/burnscar_project/data/figures/GMM_figures/3refs/burn_scar_gmm_results.nClusters_10.R_2250_1.R_0860_1.R_0670_1.VZA_0.cosSZA_0.RAA_0.NDVI_0.NBR_0.pbsm_0.SAVI_0
14 /scratch/zt1/project/vllgsbr2-prj/burnscar_project/data/figures/GMM_figures/3refs_ndvi_nbr_savi/burn_scar_gmm_results.nClusters_14.R_2250_1.R_0860_1.R_0670_1.VZA_0.cosSZA_0.RAA_0.NDVI_1.NBR_1.pbsm_0.SAVI_1
10 /scratch/zt1/project/vllgsbr2-prj/burnscar_project/data/figures/GMM_figures/3refs_ndvi_nbr_savi/burn_scar_gmm_results.nClusters_10.R_2250_1.R_0860_1.R_0670_1.VZA_0.cosSZA_0.RAA_0.NDVI_1.NBR_1.pbsm_0.SAVI_1
13 /scratch/zt1/project/vllgsbr2-prj/burnscar_project/data/figures/GMM_figures/3refs_ndvi_nbr_savi/burn_scar_gmm_results.nClusters_13.R_2250_1.R_0860_1.R_0670_1.VZA_0.cosSZA_0.RAA_0.NDVI_1.NBR_1.pbsm_0.SAVI_1
7 /scratch/zt1/project/vllgsbr2-prj/burnscar_project/data/figures/GMM_figures/3refs_ndvi_nbr_savi/burn_scar_gmm_results.nClusters_07.R_2250_1.R_0860_1.R_0670_1.VZA_0.cosSZA_0.RAA_0.NDVI_1.NBR_1.pbsm_0.SAVI_1
3 /scratch/zt1/project/vllgsbr2-prj/burnscar_project/data/figures/GMM_figures/3refs_ndvi_nbr_savi/burn_scar_gmm_results.nClusters_03.R_2250_1.R_0860_1.R_0670_1.VZA_0.cosSZA_0.RAA_0.NDVI_1.NBR_1.pbsm_0.SAVI_1
9 /scratch/zt1/project/vllgsbr2-prj/burnscar_project/data/figures/GMM_figures/3refs_ndvi_nbr_savi/burn_scar_gmm_results.nClusters_09.R_2250_1.R_0860_1.R_0670_1.VZA_0.cosSZA_0.RAA_0.NDVI_1.NBR_1.pbsm_0.SAVI_1
2 /scratch/zt1/project/vllgsbr2-prj/burnscar_project/data/figures/GMM_figures/3refs_ndvi_nbr_savi/burn_scar_gmm_results.nClusters_02.R_2250_1.R_0860_1.R_0670_1.VZA_0.cosSZA_0.RAA_0.NDVI_1.NBR_1.pbsm_0.SAVI_1
4 /scratch/zt1/project/vllgsbr2-prj/burnscar_project/data/figures/GMM_figures/3refs_ndvi_nbr_savi/burn_scar_gmm_results.nClusters_04.R_2250_1.R_0860_1.R_0670_1.VZA_0.cosSZA_0.RAA_0.NDVI_1.NBR_1.pbsm_0.SAVI_1
8 /scratch/zt1/project/vllgsbr2-prj/burnscar_project/data/figures/GMM_figures/3refs_ndvi_nbr_savi/burn_scar_gmm_results.nClusters_08.R_2250_1.R_0860_1.R_0670_1.VZA_0.cosSZA_0.RAA_0.NDVI_1.NBR_1.pbsm_0.SAVI_1
11 /scratch/zt1/project/vllgsbr2-prj/burnscar_project/data/figures/GMM_figures/3refs_ndvi_nbr_savi/burn_scar_gmm_results.nClusters_11.R_2250_1.R_0860_1.R_0670_1.VZA_0.cosSZA_0.RAA_0.NDVI_1.NBR_1.pbsm_0.SAVI_1
5 /scratch/zt1/project/vllgsbr2-prj/burnscar_project/data/figures/GMM_figures/3refs_ndvi_nbr_savi/burn_scar_gmm_results.nClusters_05.R_2250_1.R_0860_1.R_0670_1.VZA_0.cosSZA_0.RAA_0.NDVI_1.NBR_1.pbsm_0.SAVI_1
6 /scratch/zt1/project/vllgsbr2-prj/burnscar_project/data/figures/GMM_figures/3refs_ndvi_nbr_savi/burn_scar_gmm_results.nClusters_06.R_2250_1.R_0860_1.R_0670_1.VZA_0.cosSZA_0.RAA_0.NDVI_1.NBR_1.pbsm_0.SAVI_1
12 /scratch/zt1/project/vllgsbr2-prj/burnscar_project/data/figures/GMM_figures/3refs_ndvi_nbr_savi/burn_scar_gmm_results.nClusters_12.R_2250_1.R_0860_1.R_0670_1.VZA_0.cosSZA_0.RAA_0.NDVI_1.NBR_1.pbsm_0.SAVI_1
8 /scratch/zt1/project/vllgsbr2-prj/burnscar_project/data/figures/GMM_figures/burn_veg/burn_scar_gmm_results.nClusters_08.R_2250_1.R_0860_1.R_0670_0.VZA_0.cosSZA_0.RAA_0.NDVI_0.NBR_0.pbsm_0.SAVI_0
11 /scratch/zt1/project/vllgsbr2-prj/burnscar_project/data/figures/GMM_figures/burn_veg/burn_scar_gmm_results.nClusters_11.R_2250_1.R_0860_1.R_0670_0.VZA_0.cosSZA_0.RAA_0.NDVI_0.NBR_0.pbsm_0.SAVI_0
14 /scratch/zt1/project/vllgsbr2-prj/burnscar_project/data/figures/GMM_figures/burn_veg/burn_scar_gmm_results.nClusters_14.R_2250_1.R_0860_1.R_0670_0.VZA_0.cosSZA_0.RAA_0.NDVI_0.NBR_0.pbsm_0.SAVI_0
4 /scratch/zt1/project/vllgsbr2-prj/burnscar_project/data/figures/GMM_figures/burn_veg/burn_scar_gmm_results.nClusters_04.R_2250_1.R_0860_1.R_0670_0.VZA_0.cosSZA_0.RAA_0.NDVI_0.NBR_0.pbsm_0.SAVI_0
7 /scratch/zt1/project/vllgsbr2-prj/burnscar_project/data/figures/GMM_figures/burn_veg/burn_scar_gmm_results.nClusters_07.R_2250_1.R_0860_1.R_0670_0.VZA_0.cosSZA_0.RAA_0.NDVI_0.NBR_0.pbsm_0.SAVI_0
5 /scratch/zt1/project/vllgsbr2-prj/burnscar_project/data/figures/GMM_figures/burn_veg/burn_scar_gmm_results.nClusters_05.R_2250_1.R_0860_1.R_0670_0.VZA_0.cosSZA_0.RAA_0.NDVI_0.NBR_0.pbsm_0.SAVI_0
2 /scratch/zt1/project/vllgsbr2-prj/burnscar_project/data/figures/GMM_figures/burn_veg/burn_scar_gmm_results.nClusters_02.R_2250_1.R_0860_1.R_0670_0.VZA_0.cosSZA_0.RAA_0.NDVI_0.NBR_0.pbsm_0.SAVI_0
10 /scratch/zt1/project/vllgsbr2-prj/burnscar_project/data/figures/GMM_figures/burn_veg/burn_scar_gmm_results.nClusters_10.R_2250_1.R_0860_1.R_0670_0.VZA_0.cosSZA_0.RAA_0.NDVI_0.NBR_0.pbsm_0.SAVI_0
6 /scratch/zt1/project/vllgsbr2-prj/burnscar_project/data/figures/GMM_figures/burn_veg/burn_scar_gmm_results.nClusters_06.R_2250_1.R_0860_1.R_0670_0.VZA_0.cosSZA_0.RAA_0.NDVI_0.NBR_0.pbsm_0.SAVI_0
13 /scratch/zt1/project/vllgsbr2-prj/burnscar_project/data/figures/GMM_figures/burn_veg/burn_scar_gmm_results.nClusters_13.R_2250_1.R_0860_1.R_0670_0.VZA_0.cosSZA_0.RAA_0.NDVI_0.NBR_0.pbsm_0.SAVI_0
3 /scratch/zt1/project/vllgsbr2-prj/burnscar_project/data/figures/GMM_figures/burn_veg/burn_scar_gmm_results.nClusters_03.R_2250_1.R_0860_1.R_0670_0.VZA_0.cosSZA_0.RAA_0.NDVI_0.NBR_0.pbsm_0.SAVI_0
9 /scratch/zt1/project/vllgsbr2-prj/burnscar_project/data/figures/GMM_figures/burn_veg/burn_scar_gmm_results.nClusters_09.R_2250_1.R_0860_1.R_0670_0.VZA_0.cosSZA_0.RAA_0.NDVI_0.NBR_0.pbsm_0.SAVI_0
12 /scratch/zt1/project/vllgsbr2-prj/burnscar_project/data/figures/GMM_figures/burn_veg/burn_scar_gmm_results.nClusters_12.R_2250_1.R_0860_1.R_0670_0.VZA_0.cosSZA_0.RAA_0.NDVI_0.NBR_0.pbsm_0.SAVI_0
5 /scratch/zt1/project/vllgsbr2-prj/burnscar_project/data/figures/GMM_figures/burn_veg_nbr/burn_scar_gmm_results.nClusters_05.R_2250_1.R_0860_1.R_0670_0.VZA_0.cosSZA_0.RAA_0.NDVI_0.NBR_1.pbsm_0.SAVI_0
2 /scratch/zt1/project/vllgsbr2-prj/burnscar_project/data/figures/GMM_figures/burn_veg_nbr/burn_scar_gmm_results.nClusters_02.R_2250_1.R_0860_1.R_0670_0.VZA_0.cosSZA_0.RAA_0.NDVI_0.NBR_1.pbsm_0.SAVI_0
3 /scratch/zt1/project/vllgsbr2-prj/burnscar_project/data/figures/GMM_figures/burn_veg_nbr/burn_scar_gmm_results.nClusters_03.R_2250_1.R_0860_1.R_0670_0.VZA_0.cosSZA_0.RAA_0.NDVI_0.NBR_1.pbsm_0.SAVI_0
9 /scratch/zt1/project/vllgsbr2-prj/burnscar_project/data/figures/GMM_figures/burn_veg_nbr/burn_scar_gmm_results.nClusters_09.R_2250_1.R_0860_1.R_0670_0.VZA_0.cosSZA_0.RAA_0.NDVI_0.NBR_1.pbsm_0.SAVI_0
13 /scratch/zt1/project/vllgsbr2-prj/burnscar_project/data/figures/GMM_figures/burn_veg_nbr/burn_scar_gmm_results.nClusters_13.R_2250_1.R_0860_1.R_0670_0.VZA_0.cosSZA_0.RAA_0.NDVI_0.NBR_1.pbsm_0.SAVI_0
14 /scratch/zt1/project/vllgsbr2-prj/burnscar_project/data/figures/GMM_figures/burn_veg_nbr/burn_scar_gmm_results.nClusters_14.R_2250_1.R_0860_1.R_0670_0.VZA_0.cosSZA_0.RAA_0.NDVI_0.NBR_1.pbsm_0.SAVI_0
6 /scratch/zt1/project/vllgsbr2-prj/burnscar_project/data/figures/GMM_figures/burn_veg_nbr/burn_scar_gmm_results.nClusters_06.R_2250_1.R_0860_1.R_0670_0.VZA_0.cosSZA_0.RAA_0.NDVI_0.NBR_1.pbsm_0.SAVI_0
11 /scratch/zt1/project/vllgsbr2-prj/burnscar_project/data/figures/GMM_figures/burn_veg_nbr/burn_scar_gmm_results.nClusters_11.R_2250_1.R_0860_1.R_0670_0.VZA_0.cosSZA_0.RAA_0.NDVI_0.NBR_1.pbsm_0.SAVI_0
10 /scratch/zt1/project/vllgsbr2-prj/burnscar_project/data/figures/GMM_figures/burn_veg_nbr/burn_scar_gmm_results.nClusters_10.R_2250_1.R_0860_1.R_0670_0.VZA_0.cosSZA_0.RAA_0.NDVI_0.NBR_1.pbsm_0.SAVI_0
7 /scratch/zt1/project/vllgsbr2-prj/burnscar_project/data/figures/GMM_figures/burn_veg_nbr/burn_scar_gmm_results.nClusters_07.R_2250_1.R_0860_1.R_0670_0.VZA_0.cosSZA_0.RAA_0.NDVI_0.NBR_1.pbsm_0.SAVI_0
4 /scratch/zt1/project/vllgsbr2-prj/burnscar_project/data/figures/GMM_figures/burn_veg_nbr/burn_scar_gmm_results.nClusters_04.R_2250_1.R_0860_1.R_0670_0.VZA_0.cosSZA_0.RAA_0.NDVI_0.NBR_1.pbsm_0.SAVI_0
8 /scratch/zt1/project/vllgsbr2-prj/burnscar_project/data/figures/GMM_figures/burn_veg_nbr/burn_scar_gmm_results.nClusters_08.R_2250_1.R_0860_1.R_0670_0.VZA_0.cosSZA_0.RAA_0.NDVI_0.NBR_1.pbsm_0.SAVI_0
12 /scratch/zt1/project/vllgsbr2-prj/burnscar_project/data/figures/GMM_figures/burn_veg_nbr/burn_scar_gmm_results.nClusters_12.R_2250_1.R_0860_1.R_0670_0.VZA_0.cosSZA_0.RAA_0.NDVI_0.NBR_1.pbsm_0.SAVI_0
12 /scratch/zt1/project/vllgsbr2-prj/burnscar_project/data/figures/GMM_figures/nbr_savi/burn_scar_gmm_results.nClusters_12.R_2250_0.R_0860_0.R_0670_0.VZA_0.cosSZA_0.RAA_0.NDVI_0.NBR_1.pbsm_0.SAVI_1
11 /scratch/zt1/project/vllgsbr2-prj/burnscar_project/data/figures/GMM_figures/nbr_savi/burn_scar_gmm_results.nClusters_11.R_2250_0.R_0860_0.R_0670_0.VZA_0.cosSZA_0.RAA_0.NDVI_0.NBR_1.pbsm_0.SAVI_1
9 /scratch/zt1/project/vllgsbr2-prj/burnscar_project/data/figures/GMM_figures/nbr_savi/burn_scar_gmm_results.nClusters_09.R_2250_0.R_0860_0.R_0670_0.VZA_0.cosSZA_0.RAA_0.NDVI_0.NBR_1.pbsm_0.SAVI_1
5 /scratch/zt1/project/vllgsbr2-prj/burnscar_project/data/figures/GMM_figures/nbr_savi/burn_scar_gmm_results.nClusters_05.R_2250_0.R_0860_0.R_0670_0.VZA_0.cosSZA_0.RAA_0.NDVI_0.NBR_1.pbsm_0.SAVI_1
2 /scratch/zt1/project/vllgsbr2-prj/burnscar_project/data/figures/GMM_figures/nbr_savi/burn_scar_gmm_results.nClusters_02.R_2250_0.R_0860_0.R_0670_0.VZA_0.cosSZA_0.RAA_0.NDVI_0.NBR_1.pbsm_0.SAVI_1
6 /scratch/zt1/project/vllgsbr2-prj/burnscar_project/data/figures/GMM_figures/nbr_savi/burn_scar_gmm_results.nClusters_06.R_2250_0.R_0860_0.R_0670_0.VZA_0.cosSZA_0.RAA_0.NDVI_0.NBR_1.pbsm_0.SAVI_1
7 /scratch/zt1/project/vllgsbr2-prj/burnscar_project/data/figures/GMM_figures/nbr_savi/burn_scar_gmm_results.nClusters_07.R_2250_0.R_0860_0.R_0670_0.VZA_0.cosSZA_0.RAA_0.NDVI_0.NBR_1.pbsm_0.SAVI_1
8 /scratch/zt1/project/vllgsbr2-prj/burnscar_project/data/figures/GMM_figures/nbr_savi/burn_scar_gmm_results.nClusters_08.R_2250_0.R_0860_0.R_0670_0.VZA_0.cosSZA_0.RAA_0.NDVI_0.NBR_1.pbsm_0.SAVI_1
4 /scratch/zt1/project/vllgsbr2-prj/burnscar_project/data/figures/GMM_figures/nbr_savi/burn_scar_gmm_results.nClusters_04.R_2250_0.R_0860_0.R_0670_0.VZA_0.cosSZA_0.RAA_0.NDVI_0.NBR_1.pbsm_0.SAVI_1
3 /scratch/zt1/project/vllgsbr2-prj/burnscar_project/data/figures/GMM_figures/nbr_savi/burn_scar_gmm_results.nClusters_03.R_2250_0.R_0860_0.R_0670_0.VZA_0.cosSZA_0.RAA_0.NDVI_0.NBR_1.pbsm_0.SAVI_1
14 /scratch/zt1/project/vllgsbr2-prj/burnscar_project/data/figures/GMM_figures/nbr_savi/burn_scar_gmm_results.nClusters_14.R_2250_0.R_0860_0.R_0670_0.VZA_0.cosSZA_0.RAA_0.NDVI_0.NBR_1.pbsm_0.SAVI_1
10 /scratch/zt1/project/vllgsbr2-prj/burnscar_project/data/figures/GMM_figures/nbr_savi/burn_scar_gmm_results.nClusters_10.R_2250_0.R_0860_0.R_0670_0.VZA_0.cosSZA_0.RAA_0.NDVI_0.NBR_1.pbsm_0.SAVI_1
13 /scratch/zt1/project/vllgsbr2-prj/burnscar_project/data/figures/GMM_figures/nbr_savi/burn_scar_gmm_results.nClusters_13.R_2250_0.R_0860_0.R_0670_0.VZA_0.cosSZA_0.RAA_0.NDVI_0.NBR_1.pbsm_0.SAVI_1
8 /scratch/zt1/project/vllgsbr2-prj/burnscar_project/data/figures/GMM_figures/ndvi_nbr_savi/burn_scar_gmm_results.nClusters_08.R_2250_0.R_0860_0.R_0670_0.VZA_0.cosSZA_0.RAA_0.NDVI_1.NBR_1.pbsm_0.SAVI_1
9 /scratch/zt1/project/vllgsbr2-prj/burnscar_project/data/figures/GMM_figures/ndvi_nbr_savi/burn_scar_gmm_results.nClusters_09.R_2250_0.R_0860_0.R_0670_0.VZA_0.cosSZA_0.RAA_0.NDVI_1.NBR_1.pbsm_0.SAVI_1
7 /scratch/zt1/project/vllgsbr2-prj/burnscar_project/data/figures/GMM_figures/ndvi_nbr_savi/burn_scar_gmm_results.nClusters_07.R_2250_0.R_0860_0.R_0670_0.VZA_0.cosSZA_0.RAA_0.NDVI_1.NBR_1.pbsm_0.SAVI_1
10 /scratch/zt1/project/vllgsbr2-prj/burnscar_project/data/figures/GMM_figures/ndvi_nbr_savi/burn_scar_gmm_results.nClusters_10.R_2250_0.R_0860_0.R_0670_0.VZA_0.cosSZA_0.RAA_0.NDVI_1.NBR_1.pbsm_0.SAVI_1
2 /scratch/zt1/project/vllgsbr2-prj/burnscar_project/data/figures/GMM_figures/ndvi_nbr_savi/burn_scar_gmm_results.nClusters_02.R_2250_0.R_0860_0.R_0670_0.VZA_0.cosSZA_0.RAA_0.NDVI_1.NBR_1.pbsm_0.SAVI_1
12 /scratch/zt1/project/vllgsbr2-prj/burnscar_project/data/figures/GMM_figures/ndvi_nbr_savi/burn_scar_gmm_results.nClusters_12.R_2250_0.R_0860_0.R_0670_0.VZA_0.cosSZA_0.RAA_0.NDVI_1.NBR_1.pbsm_0.SAVI_1
5 /scratch/zt1/project/vllgsbr2-prj/burnscar_project/data/figures/GMM_figures/ndvi_nbr_savi/burn_scar_gmm_results.nClusters_05.R_2250_0.R_0860_0.R_0670_0.VZA_0.cosSZA_0.RAA_0.NDVI_1.NBR_1.pbsm_0.SAVI_1
6 /scratch/zt1/project/vllgsbr2-prj/burnscar_project/data/figures/GMM_figures/ndvi_nbr_savi/burn_scar_gmm_results.nClusters_06.R_2250_0.R_0860_0.R_0670_0.VZA_0.cosSZA_0.RAA_0.NDVI_1.NBR_1.pbsm_0.SAVI_1
13 /scratch/zt1/project/vllgsbr2-prj/burnscar_project/data/figures/GMM_figures/ndvi_nbr_savi/burn_scar_gmm_results.nClusters_13.R_2250_0.R_0860_0.R_0670_0.VZA_0.cosSZA_0.RAA_0.NDVI_1.NBR_1.pbsm_0.SAVI_1
14 /scratch/zt1/project/vllgsbr2-prj/burnscar_project/data/figures/GMM_figures/ndvi_nbr_savi/burn_scar_gmm_results.nClusters_14.R_2250_0.R_0860_0.R_0670_0.VZA_0.cosSZA_0.RAA_0.NDVI_1.NBR_1.pbsm_0.SAVI_1
4 /scratch/zt1/project/vllgsbr2-prj/burnscar_project/data/figures/GMM_figures/ndvi_nbr_savi/burn_scar_gmm_results.nClusters_04.R_2250_0.R_0860_0.R_0670_0.VZA_0.cosSZA_0.RAA_0.NDVI_1.NBR_1.pbsm_0.SAVI_1
11 /scratch/zt1/project/vllgsbr2-prj/burnscar_project/data/figures/GMM_figures/ndvi_nbr_savi/burn_scar_gmm_results.nClusters_11.R_2250_0.R_0860_0.R_0670_0.VZA_0.cosSZA_0.RAA_0.NDVI_1.NBR_1.pbsm_0.SAVI_1
3 /scratch/zt1/project/vllgsbr2-prj/burnscar_project/data/figures/GMM_figures/ndvi_nbr_savi/burn_scar_gmm_results.nClusters_03.R_2250_0.R_0860_0.R_0670_0.VZA_0.cosSZA_0.RAA_0.NDVI_1.NBR_1.pbsm_0.SAVI_1
