Setting up environment
Building Database
regridding rows
1.3790230751037598
regridding cols
1.367192029953003
00 VIIRS NOAA-20, 07.15.2020 (2020197.1648), run time: 11.48
regridding rows
1.574798822402954
regridding cols
1.5792138576507568
01 VIIRS NOAA-20, 07.15.2020 (2020197.1824), run time: 12.16
regridding rows
2.030423641204834
regridding cols
2.017693042755127
02 VIIRS NOAA-20, 07.15.2020 (2020197.1830), run time: 12.19
regridding rows
3.080533742904663
regridding cols
3.0885581970214844
03 VIIRS NOAA-20, 07.15.2020 (2020197.2000), run time: 14.41
regridding rows
13.219197034835815
regridding cols
13.223682880401611
04 VIIRS NOAA-20, 07.15.2020 (2020197.2006), run time: 35.01
regridding rows
1.4073984622955322
regridding cols
1.4165830612182617
05 VIIRS NOAA-20, 07.15.2020 (2020197.2012), run time: 11.33
regridding rows
3.2671453952789307
regridding cols
3.285611391067505
06 VIIRS NOAA-20, 07.15.2020 (2020197.2142), run time: 15.48
regridding rows
5.059748411178589
regridding cols
5.066170692443848
07 VIIRS NOAA-20, 07.15.2020 (2020197.2148), run time: 18.36
regridding rows
1.3428947925567627
regridding cols
1.3544681072235107
08 VIIRS NOAA-20, 07.16.2020 (2020198.1630), run time: 11.30
regridding rows
1.4369168281555176
regridding cols
1.4410068988800049
09 VIIRS NOAA-20, 07.16.2020 (2020198.1806), run time: 11.21
regridding rows
3.7445244789123535
regridding cols
3.7491238117218018
10 VIIRS NOAA-20, 07.16.2020 (2020198.1942), run time: 17.11
regridding rows
10.535173416137695
regridding cols
10.523118734359741
11 VIIRS NOAA-20, 07.16.2020 (2020198.1948), run time: 29.55
regridding rows
5.603708982467651
regridding cols
5.6031670570373535
12 VIIRS NOAA-20, 07.16.2020 (2020198.2124), run time: 19.30
regridding rows
5.793853521347046
regridding cols
5.870630264282227
13 VIIRS NOAA-20, 07.16.2020 (2020198.2130), run time: 19.67
regridding rows
1.3568904399871826
regridding cols
1.360536813735962
14 VIIRS NOAA-20, 07.17.2020 (2020199.1748), run time: 11.17
regridding rows
3.7717478275299072
regridding cols
3.7756617069244385
15 VIIRS NOAA-20, 07.17.2020 (2020199.1924), run time: 16.32
regridding rows
7.659792900085449
regridding cols
7.659316301345825
16 VIIRS NOAA-20, 07.17.2020 (2020199.1930), run time: 24.22
regridding rows
9.099254608154297
regridding cols
9.102357625961304
17 VIIRS NOAA-20, 07.17.2020 (2020199.2106), run time: 26.53
regridding rows
5.734588861465454
regridding cols
5.745510578155518
18 VIIRS NOAA-20, 07.17.2020 (2020199.2112), run time: 19.29
regridding rows
1.3544025421142578
regridding cols
1.3596627712249756
19 VIIRS NOAA-20, 07.18.2020 (2020200.1730), run time: 11.00
regridding rows
2.9658055305480957
regridding cols
2.9703829288482666
20 VIIRS NOAA-20, 07.18.2020 (2020200.1906), run time: 14.30
regridding rows
5.259370803833008
regridding cols
5.26518988609314
21 VIIRS NOAA-20, 07.18.2020 (2020200.1912), run time: 18.48
regridding rows
11.94054126739502
regridding cols
11.93972110748291
22 VIIRS NOAA-20, 07.18.2020 (2020200.2048), run time: 31.63
regridding rows
4.833079814910889
regridding cols
4.840457439422607
23 VIIRS NOAA-20, 07.18.2020 (2020200.2054), run time: 17.49
regridding rows
1.3416357040405273
regridding cols
1.3540794849395752
24 VIIRS NOAA-20, 07.18.2020 (2020200.2236), run time: 10.28
regridding rows
1.3467161655426025
regridding cols
1.349212646484375
25 VIIRS NOAA-20, 07.19.2020 (2020201.1712), run time: 11.04
regridding rows
2.0544300079345703
regridding cols
2.0581321716308594
26 VIIRS NOAA-20, 07.19.2020 (2020201.1848), run time: 12.77
regridding rows
3.5383780002593994
regridding cols
3.545684337615967
27 VIIRS NOAA-20, 07.19.2020 (2020201.1854), run time: 15.13
regridding rows
13.680571794509888
regridding cols
13.678672552108765
28 VIIRS NOAA-20, 07.19.2020 (2020201.2030), run time: 35.30
regridding rows
2.987258195877075
regridding cols
2.9939494132995605
29 VIIRS NOAA-20, 07.19.2020 (2020201.2036), run time: 14.01
regridding rows
1.5210349559783936
regridding cols
1.5259640216827393
30 VIIRS NOAA-20, 07.19.2020 (2020201.2206), run time: 11.37
regridding rows
2.515909194946289
regridding cols
2.5242867469787598
31 VIIRS NOAA-20, 07.19.2020 (2020201.2212), run time: 13.21
regridding rows
1.3453495502471924
regridding cols
1.3530125617980957
32 VIIRS NOAA-20, 07.19.2020 (2020201.2218), run time: 11.04
regridding rows
1.365464448928833
regridding cols
1.3687245845794678
33 VIIRS NOAA-20, 07.20.2020 (2020202.1654), run time: 11.15
regridding rows
1.653395414352417
regridding cols
1.6592166423797607
34 VIIRS NOAA-20, 07.20.2020 (2020202.1830), run time: 12.29
regridding rows
2.3103158473968506
regridding cols
2.313671350479126
35 VIIRS NOAA-20, 07.20.2020 (2020202.1836), run time: 13.50
regridding rows
2.7486448287963867
regridding cols
2.7610511779785156
36 VIIRS NOAA-20, 07.20.2020 (2020202.2006), run time: 14.00
regridding rows
13.742138862609863
regridding cols
13.75492262840271
37 VIIRS NOAA-20, 07.20.2020 (2020202.2012), run time: 35.45
regridding rows
1.5061542987823486
regridding cols
1.5136103630065918
38 VIIRS NOAA-20, 07.20.2020 (2020202.2018), run time: 11.66
regridding rows
2.740001916885376
regridding cols
2.7472071647644043
39 VIIRS NOAA-20, 07.20.2020 (2020202.2148), run time: 13.85
regridding rows
4.682560443878174
regridding cols
4.685710191726685
40 VIIRS NOAA-20, 07.20.2020 (2020202.2154), run time: 17.26
regridding rows
1.3603360652923584
regridding cols
1.3630187511444092
41 VIIRS NOAA-20, 07.20.2020 (2020202.2200), run time: 11.58
regridding rows
1.350156545639038
regridding cols
1.3624553680419922
42 VIIRS NOAA-20, 07.21.2020 (2020203.1636), run time: 10.89
regridding rows
1.4854967594146729
regridding cols
1.490189790725708
43 VIIRS NOAA-20, 07.21.2020 (2020203.1812), run time: 11.74
regridding rows
1.5693018436431885
regridding cols
1.577247142791748
44 VIIRS NOAA-20, 07.21.2020 (2020203.1818), run time: 11.56
regridding rows
3.6756157875061035
regridding cols
3.681615114212036
45 VIIRS NOAA-20, 07.21.2020 (2020203.1948), run time: 16.21
regridding rows
11.425353527069092
regridding cols
11.443891763687134
46 VIIRS NOAA-20, 07.21.2020 (2020203.1954), run time: 31.38
regridding rows
4.803861141204834
regridding cols
4.812812089920044
47 VIIRS NOAA-20, 07.21.2020 (2020203.2130), run time: 18.19
regridding rows
5.592437982559204
regridding cols
5.593963861465454
48 VIIRS NOAA-20, 07.21.2020 (2020203.2136), run time: 18.97
regridding rows
1.3659541606903076
regridding cols
1.3733034133911133
49 VIIRS NOAA-20, 07.22.2020 (2020204.1754), run time: 11.13
regridding rows
3.895632028579712
regridding cols
3.9051826000213623
50 VIIRS NOAA-20, 07.22.2020 (2020204.1930), run time: 16.71
regridding rows
8.528809309005737
regridding cols
8.554475545883179
51 VIIRS NOAA-20, 07.22.2020 (2020204.1936), run time: 25.87
regridding rows
7.926720142364502
regridding cols
7.9378745555877686
52 VIIRS NOAA-20, 07.22.2020 (2020204.2112), run time: 23.71
regridding rows
5.7293922901153564
regridding cols
5.73120379447937
53 VIIRS NOAA-20, 07.22.2020 (2020204.2118), run time: 19.65
regridding rows
1.3548924922943115
regridding cols
1.3600993156433105
54 VIIRS NOAA-20, 07.23.2020 (2020205.1736), run time: 10.83
regridding rows
3.3203296661376953
regridding cols
3.3256337642669678
55 VIIRS NOAA-20, 07.23.2020 (2020205.1912), run time: 14.85
regridding rows
5.949707508087158
regridding cols
5.952433109283447
56 VIIRS NOAA-20, 07.23.2020 (2020205.1918), run time: 20.42
regridding rows
11.260747194290161
regridding cols
11.286762952804565
57 VIIRS NOAA-20, 07.23.2020 (2020205.2054), run time: 30.46
regridding rows
5.184372901916504
regridding cols
5.1958699226379395
58 VIIRS NOAA-20, 07.23.2020 (2020205.2100), run time: 18.62
regridding rows
1.345412254333496
regridding cols
1.3543705940246582
59 VIIRS NOAA-20, 07.24.2020 (2020206.1718), run time: 12.04
regridding rows
2.3580241203308105
regridding cols
2.362218141555786
60 VIIRS NOAA-20, 07.24.2020 (2020206.1854), run time: 14.60
regridding rows
3.9954030513763428
regridding cols
4.002344131469727
61 VIIRS NOAA-20, 07.24.2020 (2020206.1900), run time: 16.42
regridding rows
13.226830005645752
regridding cols
13.249801635742188
62 VIIRS NOAA-20, 07.24.2020 (2020206.2036), run time: 34.10
regridding rows
3.5327742099761963
regridding cols
3.549532890319824
63 VIIRS NOAA-20, 07.24.2020 (2020206.2042), run time: 15.17
regridding rows
1.8603909015655518
regridding cols
1.8625397682189941
64 VIIRS NOAA-20, 07.24.2020 (2020206.2218), run time: 12.19
regridding rows
1.4209043979644775
regridding cols
1.4235773086547852
65 VIIRS NOAA-20, 07.24.2020 (2020206.2224), run time: 10.71
regridding rows
1.3906042575836182
regridding cols
1.3932969570159912
66 VIIRS NOAA-20, 07.25.2020 (2020207.1700), run time: 11.18
regridding rows
1.8289794921875
regridding cols
1.8320341110229492
67 VIIRS NOAA-20, 07.25.2020 (2020207.1836), run time: 12.65
regridding rows
2.676034450531006
regridding cols
2.6813483238220215
68 VIIRS NOAA-20, 07.25.2020 (2020207.1842), run time: 14.02
regridding rows
2.4368669986724854
regridding cols
2.4417459964752197
69 VIIRS NOAA-20, 07.25.2020 (2020207.2012), run time: 13.02
regridding rows
14.05990743637085
regridding cols
14.039582014083862
70 VIIRS NOAA-20, 07.25.2020 (2020207.2018), run time: 36.53
regridding rows
1.7501106262207031
regridding cols
1.8133854866027832
71 VIIRS NOAA-20, 07.25.2020 (2020207.2024), run time: 11.89
regridding rows
2.2770004272460938
regridding cols
2.28468918800354
72 VIIRS NOAA-20, 07.25.2020 (2020207.2154), run time: 13.09
regridding rows
3.99025821685791
regridding cols
3.9971134662628174
73 VIIRS NOAA-20, 07.25.2020 (2020207.2200), run time: 16.73
regridding rows
1.4421343803405762
regridding cols
1.4451167583465576
74 VIIRS NOAA-20, 07.25.2020 (2020207.2206), run time: 11.24
regridding rows
1.419837474822998
regridding cols
1.4265248775482178
75 VIIRS NOAA-20, 07.26.2020 (2020208.1642), run time: 11.55
regridding rows
1.6264967918395996
regridding cols
1.6228396892547607
76 VIIRS NOAA-20, 07.26.2020 (2020208.1818), run time: 12.42
regridding rows
1.8256125450134277
regridding cols
1.8183953762054443
77 VIIRS NOAA-20, 07.26.2020 (2020208.1824), run time: 12.54
regridding rows
3.614558696746826
regridding cols
3.619556427001953
78 VIIRS NOAA-20, 07.26.2020 (2020208.1954), run time: 15.74
regridding rows
12.382479429244995
regridding cols
12.403260231018066
79 VIIRS NOAA-20, 07.26.2020 (2020208.2000), run time: 33.80
regridding rows
4.153928995132446
regridding cols
4.143331527709961
80 VIIRS NOAA-20, 07.26.2020 (2020208.2136), run time: 16.30
regridding rows
5.407250165939331
regridding cols
5.419785976409912
81 VIIRS NOAA-20, 07.26.2020 (2020208.2142), run time: 19.47
regridding rows
1.499260425567627
regridding cols
1.4919414520263672
82 VIIRS NOAA-20, 07.27.2020 (2020209.1800), run time: 11.89
regridding rows
4.022740840911865
regridding cols
3.969587802886963
83 VIIRS NOAA-20, 07.27.2020 (2020209.1936), run time: 16.98
regridding rows
9.56426191329956
regridding cols
9.555745840072632
84 VIIRS NOAA-20, 07.27.2020 (2020209.1942), run time: 28.65
regridding rows
6.923047304153442
regridding cols
6.930021047592163
85 VIIRS NOAA-20, 07.27.2020 (2020209.2118), run time: 22.17
regridding rows
5.810377836227417
regridding cols
5.8045337200164795
86 VIIRS NOAA-20, 07.27.2020 (2020209.2124), run time: 20.53
regridding rows
1.4731531143188477
regridding cols
1.4472310543060303
87 VIIRS NOAA-20, 07.28.2020 (2020210.1742), run time: 12.07
regridding rows
3.7646121978759766
regridding cols
3.7720706462860107
88 VIIRS NOAA-20, 07.28.2020 (2020210.1918), run time: 16.42
regridding rows
6.83405876159668
regridding cols
6.821026086807251
89 VIIRS NOAA-20, 07.28.2020 (2020210.1924), run time: 22.91
regridding rows
10.595396280288696
regridding cols
10.618672370910645
90 VIIRS NOAA-20, 07.28.2020 (2020210.2100), run time: 29.26
regridding rows
5.503802299499512
regridding cols
5.463413953781128
91 VIIRS NOAA-20, 07.28.2020 (2020210.2106), run time: 19.27
regridding rows
1.4711673259735107
regridding cols
1.4422919750213623
92 VIIRS NOAA-20, 07.29.2020 (2020211.1724), run time: 12.65
regridding rows
2.8296501636505127
regridding cols
2.826171875
93 VIIRS NOAA-20, 07.29.2020 (2020211.1900), run time: 14.49
regridding rows
4.692254304885864
regridding cols
4.67695951461792
94 VIIRS NOAA-20, 07.29.2020 (2020211.1906), run time: 18.08
regridding rows
12.881029605865479
regridding cols
12.88977837562561
95 VIIRS NOAA-20, 07.29.2020 (2020211.2042), run time: 34.34
regridding rows
4.2402544021606445
regridding cols
4.2343809604644775
96 VIIRS NOAA-20, 07.29.2020 (2020211.2048), run time: 17.86
regridding rows
1.4821515083312988
regridding cols
1.5409936904907227
97 VIIRS NOAA-20, 07.29.2020 (2020211.2224), run time: 11.84
regridding rows
1.5385968685150146
regridding cols
1.539663314819336
98 VIIRS NOAA-20, 07.29.2020 (2020211.2230), run time: 11.81
regridding rows
1.5198421478271484
regridding cols
1.520918607711792
99 VIIRS NOAA-20, 07.30.2020 (2020212.1706), run time: 11.71
regridding rows
2.092054843902588
regridding cols
2.032986640930176
100 VIIRS NOAA-20, 07.30.2020 (2020212.1842), run time: 12.62
regridding rows
3.0205185413360596
regridding cols
3.016636848449707
101 VIIRS NOAA-20, 07.30.2020 (2020212.1848), run time: 14.95
regridding rows
1.9417145252227783
regridding cols
1.9478938579559326
102 VIIRS NOAA-20, 07.30.2020 (2020212.2018), run time: 11.71
regridding rows
14.027783393859863
regridding cols
14.033821821212769
103 VIIRS NOAA-20, 07.30.2020 (2020212.2024), run time: 36.09
regridding rows
2.1664083003997803
regridding cols
2.1726434230804443
104 VIIRS NOAA-20, 07.30.2020 (2020212.2030), run time: 13.10
regridding rows
1.8281834125518799
regridding cols
1.8279690742492676
105 VIIRS NOAA-20, 07.30.2020 (2020212.2200), run time: 11.51
regridding rows
3.2019870281219482
regridding cols
3.208397626876831
106 VIIRS NOAA-20, 07.30.2020 (2020212.2206), run time: 14.48
regridding rows
1.3594837188720703
regridding cols
1.367893934249878
107 VIIRS NOAA-20, 07.30.2020 (2020212.2212), run time: 11.12
regridding rows
1.3489189147949219
regridding cols
1.357290267944336
108 VIIRS NOAA-20, 07.31.2020 (2020213.1648), run time: 10.89
regridding rows
1.624584436416626
regridding cols
1.6283152103424072
109 VIIRS NOAA-20, 07.31.2020 (2020213.1824), run time: 11.56
regridding rows
1.9508862495422363
regridding cols
1.958937168121338
110 VIIRS NOAA-20, 07.31.2020 (2020213.1830), run time: 12.55
regridding rows
3.36234712600708
regridding cols
3.408459424972534
111 VIIRS NOAA-20, 07.31.2020 (2020213.2000), run time: 15.02
regridding rows
13.087205410003662
regridding cols
13.110107660293579
112 VIIRS NOAA-20, 07.31.2020 (2020213.2006), run time: 34.99
regridding rows
1.463895559310913
regridding cols
1.477156400680542
113 VIIRS NOAA-20, 07.31.2020 (2020213.2012), run time: 12.18
regridding rows
3.465632200241089
regridding cols
3.4799399375915527
114 VIIRS NOAA-20, 07.31.2020 (2020213.2142), run time: 15.85
regridding rows
4.960609197616577
regridding cols
5.041294097900391
115 VIIRS NOAA-20, 07.31.2020 (2020213.2148), run time: 18.25
regridding rows
1.4696645736694336
regridding cols
1.4810278415679932
116 VIIRS NOAA-20, 08.01.2020 (2020214.1630), run time: 12.23
regridding rows
1.6054198741912842
regridding cols
1.6173291206359863
117 VIIRS NOAA-20, 08.01.2020 (2020214.1806), run time: 12.18
regridding rows
4.097349166870117
regridding cols
4.145460844039917
118 VIIRS NOAA-20, 08.01.2020 (2020214.1942), run time: 17.45
regridding rows
10.5296471118927
regridding cols
10.54397702217102
119 VIIRS NOAA-20, 08.01.2020 (2020214.1948), run time: 30.24
regridding rows
6.020016670227051
regridding cols
6.028597354888916
120 VIIRS NOAA-20, 08.01.2020 (2020214.2124), run time: 21.24
regridding rows
5.818419456481934
regridding cols
5.827248573303223
121 VIIRS NOAA-20, 08.01.2020 (2020214.2130), run time: 20.02
regridding rows
1.548133373260498
regridding cols
1.575507640838623
122 VIIRS NOAA-20, 08.02.2020 (2020215.1748), run time: 12.24
regridding rows
4.164993047714233
regridding cols
4.172072172164917
123 VIIRS NOAA-20, 08.02.2020 (2020215.1924), run time: 17.54
regridding rows
7.810980796813965
regridding cols
7.825757026672363
124 VIIRS NOAA-20, 08.02.2020 (2020215.1930), run time: 25.47
regridding rows
9.564085960388184
regridding cols
9.580184698104858
125 VIIRS NOAA-20, 08.02.2020 (2020215.2106), run time: 28.19
regridding rows
5.776323080062866
regridding cols
5.856051206588745
126 VIIRS NOAA-20, 08.02.2020 (2020215.2112), run time: 20.64
regridding rows
1.6559312343597412
regridding cols
1.707162857055664
127 VIIRS NOAA-20, 08.03.2020 (2020216.1730), run time: 12.81
regridding rows
3.4065377712249756
regridding cols
3.36716628074646
128 VIIRS NOAA-20, 08.03.2020 (2020216.1906), run time: 16.39
regridding rows
5.504912614822388
regridding cols
5.407132625579834
129 VIIRS NOAA-20, 08.03.2020 (2020216.1912), run time: 20.48
regridding rows
12.583508014678955
regridding cols
12.68651795387268
130 VIIRS NOAA-20, 08.03.2020 (2020216.2048), run time: 34.05
regridding rows
4.903882026672363
regridding cols
4.907718181610107
131 VIIRS NOAA-20, 08.03.2020 (2020216.2054), run time: 18.72
regridding rows
1.718001365661621
regridding cols
1.7228703498840332
132 VIIRS NOAA-20, 08.03.2020 (2020216.2236), run time: 12.50
regridding rows
1.7142314910888672
regridding cols
1.6865260601043701
133 VIIRS NOAA-20, 08.04.2020 (2020217.1712), run time: 13.20
regridding rows
2.534217119216919
regridding cols
2.526865005493164
134 VIIRS NOAA-20, 08.04.2020 (2020217.1848), run time: 14.37
regridding rows
3.840703248977661
regridding cols
3.7268669605255127
135 VIIRS NOAA-20, 08.04.2020 (2020217.1854), run time: 17.64
regridding rows
14.401660203933716
regridding cols
14.270390748977661
136 VIIRS NOAA-20, 08.04.2020 (2020217.2030), run time: 38.25
regridding rows
2.9671993255615234
regridding cols
3.0672786235809326
137 VIIRS NOAA-20, 08.04.2020 (2020217.2036), run time: 15.40
regridding rows
1.975872278213501
regridding cols
1.86061692237854
138 VIIRS NOAA-20, 08.04.2020 (2020217.2206), run time: 13.09
regridding rows
2.809325933456421
regridding cols
2.9112234115600586
139 VIIRS NOAA-20, 08.04.2020 (2020217.2212), run time: 15.29
regridding rows
1.7926998138427734
regridding cols
1.780837059020996
140 VIIRS NOAA-20, 08.04.2020 (2020217.2218), run time: 12.64
regridding rows
1.7773234844207764
regridding cols
1.782243013381958
141 VIIRS NOAA-20, 08.05.2020 (2020218.1654), run time: 13.12
regridding rows
2.151265859603882
regridding cols
2.140108108520508
142 VIIRS NOAA-20, 08.05.2020 (2020218.1830), run time: 13.97
regridding rows
2.6610798835754395
regridding cols
2.648513078689575
143 VIIRS NOAA-20, 08.05.2020 (2020218.1836), run time: 14.99
regridding rows
3.4113717079162598
regridding cols
3.3839242458343506
144 VIIRS NOAA-20, 08.05.2020 (2020218.2006), run time: 16.26
regridding rows
13.925194025039673
regridding cols
14.0365469455719
145 VIIRS NOAA-20, 08.05.2020 (2020218.2012), run time: 37.86
regridding rows
1.8007559776306152
regridding cols
1.8864409923553467
146 VIIRS NOAA-20, 08.05.2020 (2020218.2018), run time: 13.93
regridding rows
3.2879586219787598
regridding cols
3.300476312637329
147 VIIRS NOAA-20, 08.05.2020 (2020218.2148), run time: 15.35
regridding rows
4.914726257324219
regridding cols
5.067298173904419
148 VIIRS NOAA-20, 08.05.2020 (2020218.2154), run time: 19.22
regridding rows
1.7772700786590576
regridding cols
1.672060251235962
149 VIIRS NOAA-20, 08.05.2020 (2020218.2200), run time: 13.14
regridding rows
1.80122971534729
regridding cols
1.7233459949493408
150 VIIRS NOAA-20, 08.06.2020 (2020219.1636), run time: 13.12
regridding rows
1.9656164646148682
regridding cols
1.9621925354003906
151 VIIRS NOAA-20, 08.06.2020 (2020219.1812), run time: 13.83
regridding rows
1.9520018100738525
regridding cols
1.963991403579712
152 VIIRS NOAA-20, 08.06.2020 (2020219.1818), run time: 13.30
regridding rows
4.233842372894287
regridding cols
4.3504798412323
153 VIIRS NOAA-20, 08.06.2020 (2020219.1948), run time: 18.17
regridding rows
11.664914608001709
regridding cols
11.599053382873535
154 VIIRS NOAA-20, 08.06.2020 (2020219.1954), run time: 32.85
regridding rows
5.38442063331604
regridding cols
5.398660182952881
155 VIIRS NOAA-20, 08.06.2020 (2020219.2130), run time: 19.55
regridding rows
5.888873100280762
regridding cols
5.75152850151062
156 VIIRS NOAA-20, 08.06.2020 (2020219.2136), run time: 20.69
regridding rows
1.7818996906280518
regridding cols
1.6593117713928223
157 VIIRS NOAA-20, 08.07.2020 (2020220.1754), run time: 12.96
regridding rows
4.50339150428772
regridding cols
4.446408987045288
158 VIIRS NOAA-20, 08.07.2020 (2020220.1930), run time: 18.62
regridding rows
8.666231632232666
regridding cols
8.738745212554932
159 VIIRS NOAA-20, 08.07.2020 (2020220.1936), run time: 27.05
regridding rows
8.620738506317139
regridding cols
8.630168914794922
160 VIIRS NOAA-20, 08.07.2020 (2020220.2112), run time: 26.68
regridding rows
5.9839982986450195
regridding cols
6.001899480819702
161 VIIRS NOAA-20, 08.07.2020 (2020220.2118), run time: 21.20
regridding rows
1.7746341228485107
regridding cols
1.7512574195861816
162 VIIRS NOAA-20, 08.08.2020 (2020221.1736), run time: 13.35
regridding rows
3.4935853481292725
regridding cols
3.9051496982574463
163 VIIRS NOAA-20, 08.08.2020 (2020221.1912), run time: 17.24
regridding rows
6.119927883148193
regridding cols
6.2725231647491455
164 VIIRS NOAA-20, 08.08.2020 (2020221.1918), run time: 22.05
regridding rows
12.106576919555664
regridding cols
11.971494674682617
165 VIIRS NOAA-20, 08.08.2020 (2020221.2054), run time: 33.16
regridding rows
5.407815933227539
regridding cols
5.396470069885254
166 VIIRS NOAA-20, 08.08.2020 (2020221.2100), run time: 19.97
regridding rows
1.865584373474121
regridding cols
1.86952805519104
167 VIIRS NOAA-20, 08.09.2020 (2020222.1718), run time: 13.52
regridding rows
2.7716403007507324
regridding cols
2.946298599243164
168 VIIRS NOAA-20, 08.09.2020 (2020222.1854), run time: 16.67
regridding rows
4.2616941928863525
regridding cols
4.3832831382751465
169 VIIRS NOAA-20, 08.09.2020 (2020222.1900), run time: 18.47
regridding rows
14.118391275405884
regridding cols
14.131285667419434
170 VIIRS NOAA-20, 08.09.2020 (2020222.2036), run time: 39.02
regridding rows
3.68218731880188
regridding cols
3.731290817260742
171 VIIRS NOAA-20, 08.09.2020 (2020222.2042), run time: 16.61
regridding rows
1.6596043109893799
regridding cols
1.8675086498260498
172 VIIRS NOAA-20, 08.09.2020 (2020222.2212), run time: 12.61
regridding rows
2.2599661350250244
regridding cols
2.2384438514709473
173 VIIRS NOAA-20, 08.09.2020 (2020222.2218), run time: 13.82
regridding rows
1.709695816040039
regridding cols
1.8567397594451904
174 VIIRS NOAA-20, 08.09.2020 (2020222.2224), run time: 13.01
regridding rows
1.8844425678253174
regridding cols
1.8807857036590576
175 VIIRS NOAA-20, 08.10.2020 (2020223.1700), run time: 13.50
regridding rows
2.1405606269836426
regridding cols
2.339926242828369
176 VIIRS NOAA-20, 08.10.2020 (2020223.1836), run time: 14.46
regridding rows
3.081141948699951
regridding cols
2.9161837100982666
177 VIIRS NOAA-20, 08.10.2020 (2020223.1842), run time: 15.45
regridding rows
3.1911122798919678
regridding cols
3.1546342372894287
178 VIIRS NOAA-20, 08.10.2020 (2020223.2012), run time: 15.94
regridding rows
14.459102630615234
regridding cols
14.496042966842651
179 VIIRS NOAA-20, 08.10.2020 (2020223.2018), run time: 38.08
regridding rows
2.099236249923706
regridding cols
1.7901971340179443
180 VIIRS NOAA-20, 08.10.2020 (2020223.2024), run time: 13.48
regridding rows
2.3369579315185547
regridding cols
2.3319923877716064
181 VIIRS NOAA-20, 08.10.2020 (2020223.2154), run time: 12.48
regridding rows
3.8669610023498535
regridding cols
3.9060840606689453
182 VIIRS NOAA-20, 08.10.2020 (2020223.2200), run time: 16.09
regridding rows
1.4637982845306396
regridding cols
1.4605028629302979
183 VIIRS NOAA-20, 08.10.2020 (2020223.2206), run time: 11.08
regridding rows
1.3969027996063232
regridding cols
1.389493465423584
184 VIIRS NOAA-20, 08.11.2020 (2020224.1642), run time: 11.11
regridding rows
1.60009765625
regridding cols
1.6038141250610352
185 VIIRS NOAA-20, 08.11.2020 (2020224.1818), run time: 11.90
regridding rows
1.6798324584960938
regridding cols
1.6876707077026367
186 VIIRS NOAA-20, 08.11.2020 (2020224.1824), run time: 11.87
regridding rows
3.799107074737549
regridding cols
3.8030622005462646
187 VIIRS NOAA-20, 08.11.2020 (2020224.1954), run time: 16.12
regridding rows
11.971228837966919
regridding cols
11.986797094345093
188 VIIRS NOAA-20, 08.11.2020 (2020224.2000), run time: 33.40
regridding rows
4.2178099155426025
regridding cols
4.226110458374023
189 VIIRS NOAA-20, 08.11.2020 (2020224.2136), run time: 16.69
regridding rows
5.147533416748047
regridding cols
5.146501064300537
190 VIIRS NOAA-20, 08.11.2020 (2020224.2142), run time: 18.91
regridding rows
1.4226346015930176
regridding cols
1.4306106567382812
191 VIIRS NOAA-20, 08.12.2020 (2020225.1800), run time: 11.34
regridding rows
4.159069299697876
regridding cols
4.1734185218811035
192 VIIRS NOAA-20, 08.12.2020 (2020225.1936), run time: 17.22
regridding rows
9.204684257507324
regridding cols
9.219775915145874
193 VIIRS NOAA-20, 08.12.2020 (2020225.1942), run time: 27.10
regridding rows
6.996304035186768
regridding cols
6.995489120483398
194 VIIRS NOAA-20, 08.12.2020 (2020225.2118), run time: 22.65
regridding rows
5.496557950973511
regridding cols
5.513933420181274
195 VIIRS NOAA-20, 08.12.2020 (2020225.2124), run time: 19.31
regridding rows
1.3541889190673828
regridding cols
1.358776569366455
196 VIIRS NOAA-20, 08.13.2020 (2020226.1742), run time: 11.77
regridding rows
3.8051931858062744
regridding cols
3.8130228519439697
197 VIIRS NOAA-20, 08.13.2020 (2020226.1918), run time: 17.19
regridding rows
6.508406400680542
regridding cols
6.511061668395996
198 VIIRS NOAA-20, 08.13.2020 (2020226.1924), run time: 22.21
regridding rows
10.695268630981445
regridding cols
10.719936847686768
199 VIIRS NOAA-20, 08.13.2020 (2020226.2100), run time: 30.10
regridding rows
5.103961944580078
regridding cols
5.116919994354248
200 VIIRS NOAA-20, 08.13.2020 (2020226.2106), run time: 18.75
regridding rows
1.3576765060424805
regridding cols
1.3585667610168457
201 VIIRS NOAA-20, 08.14.2020 (2020227.1724), run time: 11.42
regridding rows
2.7969465255737305
regridding cols
2.805448532104492
202 VIIRS NOAA-20, 08.14.2020 (2020227.1900), run time: 14.46
