Setting up environment
Calculating daily burn scar composites
01/45 2024355.2018_12.20.2024 composite updated
02/45 2024355.2024_12.20.2024 composite updated
03/45 2024355.2200_12.20.2024 composite updated
avg age of pixels in days:  1.0
saved daily composite 12.20.2024 ***** run time: 11.06
04/45 2024356.2000_12.21.2024 composite updated
05/45 2024356.2006_12.21.2024 composite updated
06/45 2024356.2142_12.21.2024 composite updated
avg age of pixels in days:  1.6508495705234532
saved daily composite 12.21.2024 ***** run time: 11.10
07/45 2024357.1942_12.22.2024 composite updated
08/45 2024357.2124_12.22.2024 composite updated
avg age of pixels in days:  2.3937550036445865
saved daily composite 12.22.2024 ***** run time: 11.53
09/45 2024358.1924_12.23.2024 composite updated
10/45 2024358.2106_12.23.2024 composite updated
avg age of pixels in days:  2.8614353493757996
saved daily composite 12.23.2024 ***** run time: 11.03
11/45 2024359.2048_12.24.2024 composite updated
avg age of pixels in days:  3.440473367173451
saved daily composite 12.24.2024 ***** run time: 11.59
12/45 2024360.2024_12.25.2024 composite updated
13/45 2024360.2030_12.25.2024 composite updated
14/45 2024360.2206_12.25.2024 composite updated
avg age of pixels in days:  3.7788627193234743
saved daily composite 12.25.2024 ***** run time: 12.25
15/45 2024361.2006_12.26.2024 composite updated
16/45 2024361.2012_12.26.2024 composite updated
17/45 2024361.2148_12.26.2024 composite updated
18/45 2024361.2154_12.26.2024 composite updated
avg age of pixels in days:  4.473612817628294
saved daily composite 12.26.2024 ***** run time: 12.24
19/45 2024362.1948_12.27.2024 composite updated
20/45 2024362.2130_12.27.2024 composite updated
avg age of pixels in days:  5.1172259040035755
saved daily composite 12.27.2024 ***** run time: 12.58
21/45 2024363.1930_12.28.2024 composite updated
22/45 2024363.2112_12.28.2024 composite updated
avg age of pixels in days:  5.753416269282597
saved daily composite 12.28.2024 ***** run time: 13.12
23/45 2024364.1912_12.29.2024 composite updated
24/45 2024364.2054_12.29.2024 composite updated
avg age of pixels in days:  5.969758066417282
saved daily composite 12.29.2024 ***** run time: 12.22
25/45 2024365.2030_12.30.2024 composite updated
26/45 2024365.2036_12.30.2024 composite updated
avg age of pixels in days:  6.002079724501333
saved daily composite 12.30.2024 ***** run time: 12.02
27/45 2025001.1954_01.01.2025 composite updated
28/45 2025001.2000_01.01.2025 composite updated
29/45 2025001.2136_01.01.2025 composite updated
avg age of pixels in days:  6.5315368697293765
saved daily composite 01.01.2025 ***** run time: 13.25
30/45 2025002.1936_01.02.2025 composite updated
31/45 2025002.2118_01.02.2025 composite updated
avg age of pixels in days:  7.244434462039252
saved daily composite 01.02.2025 ***** run time: 13.50
32/45 2025003.1918_01.03.2025 composite updated
33/45 2025003.2100_01.03.2025 composite updated
avg age of pixels in days:  7.924020157910072
saved daily composite 01.03.2025 ***** run time: 13.06
34/45 2025004.2042_01.04.2025 composite updated
avg age of pixels in days:  8.42597505650759
saved daily composite 01.04.2025 ***** run time: 12.48
35/45 2025005.2018_01.05.2025 composite updated
36/45 2025005.2024_01.05.2025 composite updated
37/45 2025005.2200_01.05.2025 composite updated
avg age of pixels in days:  8.700667600523161
saved daily composite 01.05.2025 ***** run time: 13.25
38/45 2025006.2000_01.06.2025 composite updated
39/45 2025006.2006_01.06.2025 composite updated
40/45 2025006.2142_01.06.2025 composite updated
41/45 2025006.2148_01.06.2025 composite updated
avg age of pixels in days:  8.948141732446814
saved daily composite 01.06.2025 ***** run time: 13.25
42/45 2025007.1942_01.07.2025 composite updated
43/45 2025007.2124_01.07.2025 composite updated
avg age of pixels in days:  9.541554531592858
saved daily composite 01.07.2025 ***** run time: 13.22
44/45 2025008.1924_01.08.2025 composite updated
