Setting up environment
Building Database
regridding rows
8.314569234848022
regridding cols
8.303685188293457
00 VIIRS NOAA-20, 12.20.2024 (2024355.2018), run time: 27.51
regridding rows
16.480206966400146
regridding cols
16.604793548583984
01 VIIRS NOAA-20, 12.20.2024 (2024355.2024), run time: 44.72
regridding rows
3.5168561935424805
regridding cols
3.501821517944336
02 VIIRS NOAA-20, 12.20.2024 (2024355.2200), run time: 18.28
regridding rows
9.76834774017334
regridding cols
9.588304281234741
03 VIIRS NOAA-20, 12.21.2024 (2024356.2000), run time: 30.58
regridding rows
13.469443798065186
regridding cols
13.445749282836914
04 VIIRS NOAA-20, 12.21.2024 (2024356.2006), run time: 39.51
regridding rows
6.918811321258545
regridding cols
6.94782829284668
05 VIIRS NOAA-20, 12.21.2024 (2024356.2142), run time: 26.22
regridding rows
10.027536869049072
regridding cols
10.006958484649658
06 VIIRS NOAA-20, 12.22.2024 (2024357.1942), run time: 34.15
regridding rows
11.80204701423645
regridding cols
11.906919479370117
07 VIIRS NOAA-20, 12.22.2024 (2024357.2124), run time: 35.77
regridding rows
9.238195896148682
regridding cols
9.344226360321045
08 VIIRS NOAA-20, 12.23.2024 (2024358.1924), run time: 31.98
regridding rows
18.51143169403076
regridding cols
18.89839792251587
09 VIIRS NOAA-20, 12.23.2024 (2024358.2106), run time: 50.05
regridding rows
20.891241550445557
regridding cols
20.842422008514404
10 VIIRS NOAA-20, 12.24.2024 (2024359.2048), run time: 55.04
regridding rows
7.472353935241699
regridding cols
7.31898045539856
11 VIIRS NOAA-20, 12.25.2024 (2024360.2024), run time: 27.26
regridding rows
18.36886954307556
regridding cols
18.255929470062256
12 VIIRS NOAA-20, 12.25.2024 (2024360.2030), run time: 50.44
regridding rows
2.6666507720947266
regridding cols
2.5302865505218506
13 VIIRS NOAA-20, 12.25.2024 (2024360.2206), run time: 18.73
regridding rows
9.804327726364136
regridding cols
10.054524898529053
14 VIIRS NOAA-20, 12.26.2024 (2024361.2006), run time: 33.34
regridding rows
15.655138969421387
regridding cols
15.255131483078003
15 VIIRS NOAA-20, 12.26.2024 (2024361.2012), run time: 45.19
regridding rows
5.746617555618286
regridding cols
5.788608551025391
16 VIIRS NOAA-20, 12.26.2024 (2024361.2148), run time: 24.64
regridding rows
5.101172208786011
regridding cols
5.116672039031982
17 VIIRS NOAA-20, 12.26.2024 (2024361.2154), run time: 23.77
regridding rows
10.339902877807617
regridding cols
10.479002714157104
18 VIIRS NOAA-20, 12.27.2024 (2024362.1948), run time: 35.16
regridding rows
10.274463653564453
regridding cols
10.103665113449097
19 VIIRS NOAA-20, 12.27.2024 (2024362.2130), run time: 33.55
regridding rows
9.360477209091187
regridding cols
9.725049257278442
20 VIIRS NOAA-20, 12.28.2024 (2024363.1930), run time: 33.54
regridding rows
16.660993337631226
regridding cols
16.451489210128784
21 VIIRS NOAA-20, 12.28.2024 (2024363.2112), run time: 47.57
regridding rows
8.047014236450195
regridding cols
7.975958347320557
22 VIIRS NOAA-20, 12.29.2024 (2024364.1912), run time: 30.15
regridding rows
21.70864176750183
regridding cols
21.492972135543823
23 VIIRS NOAA-20, 12.29.2024 (2024364.2054), run time: 56.42
regridding rows
5.960298299789429
regridding cols
5.821346044540405
24 VIIRS NOAA-20, 12.30.2024 (2024365.2030), run time: 24.40
regridding rows
19.90572500228882
regridding cols
19.910302877426147
25 VIIRS NOAA-20, 12.30.2024 (2024365.2036), run time: 53.11
regridding rows
9.619460821151733
regridding cols
9.65668535232544
26 VIIRS NOAA-20, 01.01.2025 (2025001.1954), run time: 32.10
regridding rows
14.27696681022644
regridding cols
14.158109903335571
27 VIIRS NOAA-20, 01.01.2025 (2025001.2000), run time: 41.75
regridding rows
8.260051012039185
regridding cols
8.343127250671387
28 VIIRS NOAA-20, 01.01.2025 (2025001.2136), run time: 33.56
regridding rows
9.718429565429688
regridding cols
9.531537532806396
29 VIIRS NOAA-20, 01.02.2025 (2025002.1936), run time: 36.83
regridding rows
13.760391235351562
regridding cols
13.695212602615356
30 VIIRS NOAA-20, 01.02.2025 (2025002.2118), run time: 44.25
regridding rows
8.610976934432983
regridding cols
8.718998670578003
31 VIIRS NOAA-20, 01.03.2025 (2025003.1918), run time: 39.94
regridding rows
19.82024884223938
regridding cols
19.94611883163452
32 VIIRS NOAA-20, 01.03.2025 (2025003.2100), run time: 60.72
regridding rows
20.75171661376953
regridding cols
20.5712890625
33 VIIRS NOAA-20, 01.04.2025 (2025004.2042), run time: 58.16
regridding rows
7.616386651992798
regridding cols
7.654958486557007
34 VIIRS NOAA-20, 01.05.2025 (2025005.2018), run time: 31.49
regridding rows
19.089807987213135
regridding cols
18.320736408233643
35 VIIRS NOAA-20, 01.05.2025 (2025005.2024), run time: 60.88
regridding rows
3.4437155723571777
regridding cols
3.209313154220581
36 VIIRS NOAA-20, 01.05.2025 (2025005.2200), run time: 21.59
regridding rows
9.904497385025024
regridding cols
9.672242879867554
37 VIIRS NOAA-20, 01.06.2025 (2025006.2000), run time: 34.68
regridding rows
15.451003551483154
regridding cols
15.767147779464722
38 VIIRS NOAA-20, 01.06.2025 (2025006.2006), run time: 49.25
regridding rows
6.851579904556274
regridding cols
6.96291446685791
39 VIIRS NOAA-20, 01.06.2025 (2025006.2142), run time: 31.31
regridding rows
5.662810325622559
regridding cols
5.686223745346069
40 VIIRS NOAA-20, 01.06.2025 (2025006.2148), run time: 25.82
regridding rows
9.334078311920166
regridding cols
9.38663935661316
41 VIIRS NOAA-20, 01.07.2025 (2025007.1942), run time: 42.08
regridding rows
11.539695739746094
regridding cols
11.601552963256836
42 VIIRS NOAA-20, 01.07.2025 (2025007.2124), run time: 38.45
regridding rows
8.619750261306763
regridding cols
8.616640329360962
43 VIIRS NOAA-20, 01.08.2025 (2025008.1924), run time: 31.61
regridding rows
17.405590534210205
regridding cols
18.123642444610596
44 VIIRS NOAA-20, 01.08.2025 (2025008.2106), run time: 49.97
