Setting up environment
Building Database
regridding rows
1.75252366065979
regridding cols
1.7603869438171387
00 VIIRS NOAA-20, 07.01.2024 (2024183.1730), run time: 13.67
regridding rows
3.9039978981018066
regridding cols
3.9271109104156494
01 VIIRS NOAA-20, 07.01.2024 (2024183.1906), run time: 17.95
regridding rows
5.165464162826538
regridding cols
5.188141584396362
02 VIIRS NOAA-20, 07.01.2024 (2024183.1912), run time: 22.05
regridding rows
13.59646487236023
regridding cols
13.622863531112671
03 VIIRS NOAA-20, 07.01.2024 (2024183.2048), run time: 38.77
regridding rows
3.9178972244262695
regridding cols
4.0471179485321045
04 VIIRS NOAA-20, 07.01.2024 (2024183.2054), run time: 21.54
regridding rows
1.7395331859588623
regridding cols
1.7570593357086182
05 VIIRS NOAA-20, 07.01.2024 (2024183.2236), run time: 15.79
regridding rows
1.732447862625122
regridding cols
1.7445945739746094
06 VIIRS NOAA-20, 07.02.2024 (2024184.1712), run time: 15.02
regridding rows
2.8699615001678467
regridding cols
2.8976528644561768
07 VIIRS NOAA-20, 07.02.2024 (2024184.1848), run time: 18.31
regridding rows
3.4768245220184326
regridding cols
3.474001407623291
08 VIIRS NOAA-20, 07.02.2024 (2024184.1854), run time: 18.34
regridding rows
2.768368721008301
regridding cols
2.7746670246124268
09 VIIRS NOAA-20, 07.02.2024 (2024184.2024), run time: 16.99
regridding rows
14.393346309661865
regridding cols
14.411825180053711
10 VIIRS NOAA-20, 07.02.2024 (2024184.2030), run time: 40.59
regridding rows
2.1096134185791016
regridding cols
2.1088314056396484
11 VIIRS NOAA-20, 07.02.2024 (2024184.2036), run time: 16.53
regridding rows
2.0213520526885986
regridding cols
2.042436361312866
12 VIIRS NOAA-20, 07.02.2024 (2024184.2206), run time: 16.92
regridding rows
2.83160138130188
regridding cols
2.865044593811035
13 VIIRS NOAA-20, 07.02.2024 (2024184.2212), run time: 17.30
regridding rows
1.7297124862670898
regridding cols
1.7496016025543213
14 VIIRS NOAA-20, 07.02.2024 (2024184.2218), run time: 16.01
regridding rows
1.7326960563659668
regridding cols
1.7447850704193115
15 VIIRS NOAA-20, 07.03.2024 (2024185.1654), run time: 17.05
regridding rows
2.3148722648620605
regridding cols
2.326702356338501
16 VIIRS NOAA-20, 07.03.2024 (2024185.1830), run time: 16.42
regridding rows
2.442878484725952
regridding cols
2.4341537952423096
17 VIIRS NOAA-20, 07.03.2024 (2024185.1836), run time: 17.09
regridding rows
4.327012777328491
regridding cols
4.33394980430603
18 VIIRS NOAA-20, 07.03.2024 (2024185.2006), run time: 20.57
regridding rows
13.193382740020752
regridding cols
13.197850227355957
19 VIIRS NOAA-20, 07.03.2024 (2024185.2012), run time: 39.47
regridding rows
1.7327098846435547
regridding cols
1.7452943325042725
20 VIIRS NOAA-20, 07.03.2024 (2024185.2018), run time: 15.56
regridding rows
3.565211772918701
regridding cols
3.5716893672943115
21 VIIRS NOAA-20, 07.03.2024 (2024185.2148), run time: 18.34
regridding rows
4.703508615493774
regridding cols
4.721512079238892
22 VIIRS NOAA-20, 07.03.2024 (2024185.2154), run time: 20.54
regridding rows
1.7473454475402832
regridding cols
1.7591626644134521
23 VIIRS NOAA-20, 07.04.2024 (2024186.1636), run time: 16.16
regridding rows
2.059579849243164
regridding cols
2.0511484146118164
24 VIIRS NOAA-20, 07.04.2024 (2024186.1812), run time: 15.24
regridding rows
4.9662792682647705
regridding cols
4.974709510803223
25 VIIRS NOAA-20, 07.04.2024 (2024186.1948), run time: 21.10
regridding rows
10.871706485748291
regridding cols
10.969488859176636
26 VIIRS NOAA-20, 07.04.2024 (2024186.1954), run time: 34.26
regridding rows
5.796426296234131
regridding cols
5.850985765457153
27 VIIRS NOAA-20, 07.04.2024 (2024186.2130), run time: 24.24
regridding rows
5.400885105133057
regridding cols
5.3698530197143555
28 VIIRS NOAA-20, 07.04.2024 (2024186.2136), run time: 21.81
regridding rows
1.763807773590088
regridding cols
1.746535062789917
29 VIIRS NOAA-20, 07.05.2024 (2024187.1754), run time: 15.32
regridding rows
4.969496965408325
regridding cols
4.983334302902222
30 VIIRS NOAA-20, 07.05.2024 (2024187.1930), run time: 21.35
regridding rows
8.325355052947998
regridding cols
8.316195011138916
31 VIIRS NOAA-20, 07.05.2024 (2024187.1936), run time: 29.68
regridding rows
9.198796272277832
regridding cols
9.210872888565063
32 VIIRS NOAA-20, 07.05.2024 (2024187.2112), run time: 32.62
regridding rows
5.394302606582642
regridding cols
5.272538900375366
33 VIIRS NOAA-20, 07.05.2024 (2024187.2118), run time: 21.88
regridding rows
1.7330796718597412
regridding cols
1.7359228134155273
34 VIIRS NOAA-20, 07.06.2024 (2024188.1736), run time: 15.25
regridding rows
4.229285955429077
regridding cols
4.24300479888916
35 VIIRS NOAA-20, 07.06.2024 (2024188.1912), run time: 20.15
regridding rows
5.887185096740723
regridding cols
5.746712923049927
36 VIIRS NOAA-20, 07.06.2024 (2024188.1918), run time: 24.37
regridding rows
12.746172428131104
regridding cols
12.758416175842285
37 VIIRS NOAA-20, 07.06.2024 (2024188.2054), run time: 36.67
regridding rows
4.6347105503082275
regridding cols
4.509481430053711
38 VIIRS NOAA-20, 07.06.2024 (2024188.2100), run time: 21.02
regridding rows
1.749847650527954
regridding cols
1.7471864223480225
39 VIIRS NOAA-20, 07.06.2024 (2024188.2242), run time: 15.47
regridding rows
1.7274584770202637
regridding cols
1.733638048171997
40 VIIRS NOAA-20, 07.07.2024 (2024189.1718), run time: 19.60
regridding rows
3.12729811668396
regridding cols
3.140044927597046
41 VIIRS NOAA-20, 07.07.2024 (2024189.1854), run time: 17.89
regridding rows
4.04291033744812
regridding cols
4.0640082359313965
42 VIIRS NOAA-20, 07.07.2024 (2024189.1900), run time: 20.77
regridding rows
14.291268110275269
regridding cols
14.285452604293823
43 VIIRS NOAA-20, 07.07.2024 (2024189.2036), run time: 39.71
regridding rows
2.80898118019104
regridding cols
2.887284755706787
44 VIIRS NOAA-20, 07.07.2024 (2024189.2042), run time: 19.04
regridding rows
1.7979307174682617
regridding cols
1.8095967769622803
45 VIIRS NOAA-20, 07.07.2024 (2024189.2212), run time: 14.99
regridding rows
2.233273506164551
regridding cols
2.23870587348938
46 VIIRS NOAA-20, 07.07.2024 (2024189.2218), run time: 15.51
regridding rows
1.7436490058898926
regridding cols
1.7543542385101318
47 VIIRS NOAA-20, 07.07.2024 (2024189.2224), run time: 15.61
regridding rows
1.7262046337127686
regridding cols
1.742854118347168
48 VIIRS NOAA-20, 07.08.2024 (2024190.1700), run time: 16.44
regridding rows
2.458353281021118
regridding cols
2.46988582611084
49 VIIRS NOAA-20, 07.08.2024 (2024190.1836), run time: 17.21
regridding rows
2.713404655456543
regridding cols
2.77768874168396
50 VIIRS NOAA-20, 07.08.2024 (2024190.1842), run time: 17.81
regridding rows
3.810713291168213
regridding cols
3.8094663619995117
51 VIIRS NOAA-20, 07.08.2024 (2024190.2012), run time: 20.89
regridding rows
13.691846370697021
regridding cols
13.670267581939697
52 VIIRS NOAA-20, 07.08.2024 (2024190.2018), run time: 38.33
regridding rows
1.7497103214263916
regridding cols
1.740934133529663
53 VIIRS NOAA-20, 07.08.2024 (2024190.2024), run time: 15.77
regridding rows
2.8506317138671875
regridding cols
2.863229751586914
54 VIIRS NOAA-20, 07.08.2024 (2024190.2154), run time: 17.12
regridding rows
4.091727018356323
regridding cols
4.096673011779785
55 VIIRS NOAA-20, 07.08.2024 (2024190.2200), run time: 19.83
regridding rows
1.735069751739502
regridding cols
1.7458338737487793
56 VIIRS NOAA-20, 07.08.2024 (2024190.2206), run time: 17.45
regridding rows
1.7251813411712646
regridding cols
1.735572099685669
57 VIIRS NOAA-20, 07.09.2024 (2024191.1642), run time: 15.04
regridding rows
2.1310617923736572
regridding cols
2.1217005252838135
58 VIIRS NOAA-20, 07.09.2024 (2024191.1818), run time: 16.25
regridding rows
1.9468109607696533
regridding cols
1.9453091621398926
59 VIIRS NOAA-20, 07.09.2024 (2024191.1824), run time: 17.22
regridding rows
4.743457794189453
regridding cols
4.75707745552063
60 VIIRS NOAA-20, 07.09.2024 (2024191.1954), run time: 21.07
regridding rows
11.776995658874512
regridding cols
11.890699625015259
61 VIIRS NOAA-20, 07.09.2024 (2024191.2000), run time: 35.81
regridding rows
4.911698579788208
regridding cols
4.932260274887085
62 VIIRS NOAA-20, 07.09.2024 (2024191.2136), run time: 21.40
regridding rows
5.254169464111328
regridding cols
5.2997519969940186
63 VIIRS NOAA-20, 07.09.2024 (2024191.2142), run time: 23.08
regridding rows
1.8156723976135254
regridding cols
1.811762809753418
64 VIIRS NOAA-20, 07.10.2024 (2024192.1800), run time: 15.44
regridding rows
4.970032453536987
regridding cols
4.963613033294678
65 VIIRS NOAA-20, 07.10.2024 (2024192.1936), run time: 21.33
regridding rows
9.278643131256104
regridding cols
9.296501874923706
66 VIIRS NOAA-20, 07.10.2024 (2024192.1942), run time: 30.09
regridding rows
7.86163067817688
regridding cols
7.857483625411987
67 VIIRS NOAA-20, 07.10.2024 (2024192.2118), run time: 28.63
regridding rows
5.523663759231567
regridding cols
5.553388357162476
68 VIIRS NOAA-20, 07.10.2024 (2024192.2124), run time: 23.54
regridding rows
1.7246153354644775
regridding cols
1.7391548156738281
69 VIIRS NOAA-20, 07.11.2024 (2024193.1742), run time: 15.15
regridding rows
4.5217297077178955
regridding cols
4.521406412124634
70 VIIRS NOAA-20, 07.11.2024 (2024193.1918), run time: 20.91
regridding rows
6.6903486251831055
regridding cols
6.560819387435913
71 VIIRS NOAA-20, 07.11.2024 (2024193.1924), run time: 25.71
regridding rows
11.670899868011475
regridding cols
11.675116062164307
72 VIIRS NOAA-20, 07.11.2024 (2024193.2100), run time: 37.89
regridding rows
5.002529144287109
regridding cols
4.955742835998535
73 VIIRS NOAA-20, 07.11.2024 (2024193.2106), run time: 22.62
regridding rows
1.7385587692260742
regridding cols
1.7512192726135254
74 VIIRS NOAA-20, 07.12.2024 (2024194.1724), run time: 16.28
regridding rows
3.419098377227783
regridding cols
3.4278621673583984
75 VIIRS NOAA-20, 07.12.2024 (2024194.1900), run time: 19.69
regridding rows
4.641730785369873
regridding cols
4.684843063354492
76 VIIRS NOAA-20, 07.12.2024 (2024194.1906), run time: 22.99
regridding rows
13.923203706741333
regridding cols
13.919926643371582
77 VIIRS NOAA-20, 07.12.2024 (2024194.2042), run time: 40.53
regridding rows
3.5632009506225586
regridding cols
3.701902389526367
78 VIIRS NOAA-20, 07.12.2024 (2024194.2048), run time: 20.56
regridding rows
1.7327680587768555
regridding cols
1.744065284729004
79 VIIRS NOAA-20, 07.12.2024 (2024194.2218), run time: 17.10
regridding rows
1.775294303894043
regridding cols
1.7887938022613525
80 VIIRS NOAA-20, 07.12.2024 (2024194.2224), run time: 22.77
regridding rows
1.7533657550811768
regridding cols
1.7699947357177734
81 VIIRS NOAA-20, 07.12.2024 (2024194.2230), run time: 19.07
regridding rows
1.7492218017578125
regridding cols
1.7529287338256836
82 VIIRS NOAA-20, 07.13.2024 (2024195.1706), run time: 17.05
regridding rows
2.6078310012817383
regridding cols
2.622673749923706
83 VIIRS NOAA-20, 07.13.2024 (2024195.1842), run time: 19.74
regridding rows
3.107668399810791
regridding cols
3.1846725940704346
84 VIIRS NOAA-20, 07.13.2024 (2024195.1848), run time: 19.21
regridding rows
3.1568641662597656
regridding cols
3.1776976585388184
85 VIIRS NOAA-20, 07.13.2024 (2024195.2018), run time: 18.90
regridding rows
14.176021337509155
regridding cols
14.29495096206665
86 VIIRS NOAA-20, 07.13.2024 (2024195.2024), run time: 41.07
regridding rows
1.9409565925598145
regridding cols
1.94049072265625
87 VIIRS NOAA-20, 07.13.2024 (2024195.2030), run time: 17.21
regridding rows
2.338188409805298
regridding cols
2.34452486038208
88 VIIRS NOAA-20, 07.13.2024 (2024195.2200), run time: 18.50
regridding rows
3.463568687438965
regridding cols
3.4801151752471924
89 VIIRS NOAA-20, 07.13.2024 (2024195.2206), run time: 20.52
regridding rows
1.7393805980682373
regridding cols
1.7394616603851318
90 VIIRS NOAA-20, 07.13.2024 (2024195.2212), run time: 19.71
regridding rows
1.728895902633667
regridding cols
1.7501444816589355
91 VIIRS NOAA-20, 07.14.2024 (2024196.1648), run time: 18.96
regridding rows
2.1689939498901367
regridding cols
2.2008824348449707
92 VIIRS NOAA-20, 07.14.2024 (2024196.1824), run time: 17.35
regridding rows
2.1949801445007324
regridding cols
2.2027945518493652
93 VIIRS NOAA-20, 07.14.2024 (2024196.1830), run time: 17.30
regridding rows
4.485583066940308
regridding cols
4.501218318939209
94 VIIRS NOAA-20, 07.14.2024 (2024196.2000), run time: 22.28
regridding rows
12.701295375823975
regridding cols
12.720744848251343
95 VIIRS NOAA-20, 07.14.2024 (2024196.2006), run time: 39.46
regridding rows
1.7518939971923828
regridding cols
1.7325036525726318
96 VIIRS NOAA-20, 07.14.2024 (2024196.2012), run time: 16.12
regridding rows
4.092777490615845
regridding cols
4.091851234436035
97 VIIRS NOAA-20, 07.14.2024 (2024196.2142), run time: 21.65
regridding rows
5.000581741333008
regridding cols
5.0184290409088135
98 VIIRS NOAA-20, 07.14.2024 (2024196.2148), run time: 23.14
regridding rows
1.7396373748779297
regridding cols
1.7503046989440918
99 VIIRS NOAA-20, 07.15.2024 (2024197.1630), run time: 17.44
regridding rows
1.9113106727600098
regridding cols
1.9156978130340576
100 VIIRS NOAA-20, 07.15.2024 (2024197.1806), run time: 17.06
regridding rows
4.884272575378418
regridding cols
4.8974528312683105
101 VIIRS NOAA-20, 07.15.2024 (2024197.1942), run time: 22.20
regridding rows
10.264492511749268
regridding cols
10.13861346244812
102 VIIRS NOAA-20, 07.15.2024 (2024197.1948), run time: 33.46
regridding rows
6.651306390762329
regridding cols
6.6401050090789795
103 VIIRS NOAA-20, 07.15.2024 (2024197.2124), run time: 27.97
regridding rows
5.592925310134888
regridding cols
5.605440378189087
104 VIIRS NOAA-20, 07.15.2024 (2024197.2130), run time: 24.03
regridding rows
1.7235312461853027
regridding cols
1.7447559833526611
105 VIIRS NOAA-20, 07.16.2024 (2024198.1748), run time: 17.00
regridding rows
4.707943677902222
regridding cols
4.706003189086914
106 VIIRS NOAA-20, 07.16.2024 (2024198.1924), run time: 22.35
regridding rows
7.57875919342041
regridding cols
7.427693605422974
107 VIIRS NOAA-20, 07.16.2024 (2024198.1930), run time: 27.90
regridding rows
10.347556591033936
regridding cols
10.354339361190796
108 VIIRS NOAA-20, 07.16.2024 (2024198.2106), run time: 35.36
regridding rows
5.2357635498046875
regridding cols
5.336766719818115
109 VIIRS NOAA-20, 07.16.2024 (2024198.2112), run time: 23.83
regridding rows
1.721259593963623
regridding cols
1.7367467880249023
110 VIIRS NOAA-20, 07.17.2024 (2024199.1730), run time: 16.92
regridding rows
3.757514476776123
regridding cols
3.7652227878570557
111 VIIRS NOAA-20, 07.17.2024 (2024199.1906), run time: 20.46
regridding rows
5.328067779541016
regridding cols
5.208293199539185
112 VIIRS NOAA-20, 07.17.2024 (2024199.1912), run time: 24.41
regridding rows
13.334367275238037
regridding cols
13.323552370071411
113 VIIRS NOAA-20, 07.17.2024 (2024199.2048), run time: 39.98
regridding rows
4.348640441894531
regridding cols
4.360658645629883
114 VIIRS NOAA-20, 07.17.2024 (2024199.2054), run time: 21.69
regridding rows
1.7275922298431396
regridding cols
1.739372968673706
115 VIIRS NOAA-20, 07.17.2024 (2024199.2236), run time: 16.50
regridding rows
1.7181155681610107
regridding cols
1.7345421314239502
116 VIIRS NOAA-20, 07.18.2024 (2024200.1712), run time: 18.13
regridding rows
2.8127994537353516
regridding cols
2.8056929111480713
117 VIIRS NOAA-20, 07.18.2024 (2024200.1848), run time: 19.14
regridding rows
3.606550455093384
regridding cols
3.5549824237823486
118 VIIRS NOAA-20, 07.18.2024 (2024200.1854), run time: 20.45
regridding rows
2.517770767211914
regridding cols
2.5219602584838867
119 VIIRS NOAA-20, 07.18.2024 (2024200.2024), run time: 18.77
regridding rows
14.422943592071533
regridding cols
14.44590973854065
120 VIIRS NOAA-20, 07.18.2024 (2024200.2030), run time: 41.91
regridding rows
2.331606388092041
regridding cols
2.309515953063965
121 VIIRS NOAA-20, 07.18.2024 (2024200.2036), run time: 17.38
regridding rows
1.9900312423706055
regridding cols
2.007162094116211
122 VIIRS NOAA-20, 07.18.2024 (2024200.2206), run time: 16.94
regridding rows
2.8323662281036377
regridding cols
2.842397928237915
123 VIIRS NOAA-20, 07.18.2024 (2024200.2212), run time: 19.15
regridding rows
1.7301914691925049
regridding cols
1.6949059963226318
124 VIIRS NOAA-20, 07.18.2024 (2024200.2218), run time: 16.97
regridding rows
1.7285666465759277
regridding cols
1.7384228706359863
125 VIIRS NOAA-20, 07.19.2024 (2024201.1654), run time: 16.38
regridding rows
2.2776246070861816
regridding cols
2.2911529541015625
126 VIIRS NOAA-20, 07.19.2024 (2024201.1830), run time: 17.29
regridding rows
2.485748529434204
regridding cols
2.513084650039673
127 VIIRS NOAA-20, 07.19.2024 (2024201.1836), run time: 19.38
regridding rows
4.098340749740601
regridding cols
4.108058452606201
128 VIIRS NOAA-20, 07.19.2024 (2024201.2006), run time: 21.41
regridding rows
13.417599439620972
regridding cols
13.416519403457642
129 VIIRS NOAA-20, 07.19.2024 (2024201.2012), run time: 39.95
regridding rows
1.739861011505127
regridding cols
1.7633178234100342
130 VIIRS NOAA-20, 07.19.2024 (2024201.2018), run time: 16.88
regridding rows
3.4076902866363525
regridding cols
3.4517900943756104
131 VIIRS NOAA-20, 07.19.2024 (2024201.2148), run time: 20.55
regridding rows
4.795645475387573
regridding cols
4.770979166030884
132 VIIRS NOAA-20, 07.19.2024 (2024201.2154), run time: 22.81
regridding rows
1.754451036453247
regridding cols
1.7643744945526123
133 VIIRS NOAA-20, 07.19.2024 (2024201.2200), run time: 17.00
regridding rows
1.728567123413086
regridding cols
1.753572702407837
134 VIIRS NOAA-20, 07.20.2024 (2024202.1636), run time: 17.90
regridding rows
2.013368606567383
regridding cols
2.024103879928589
135 VIIRS NOAA-20, 07.20.2024 (2024202.1812), run time: 19.48
regridding rows
1.7808253765106201
regridding cols
1.8254384994506836
136 VIIRS NOAA-20, 07.20.2024 (2024202.1818), run time: 17.13
regridding rows
4.818410396575928
regridding cols
4.809452056884766
137 VIIRS NOAA-20, 07.20.2024 (2024202.1948), run time: 22.34
regridding rows
11.15437936782837
regridding cols
11.060658931732178
138 VIIRS NOAA-20, 07.20.2024 (2024202.1954), run time: 35.04
regridding rows
5.683034896850586
regridding cols
5.697723627090454
139 VIIRS NOAA-20, 07.20.2024 (2024202.2130), run time: 27.12
regridding rows
5.475598335266113
regridding cols
5.549353361129761
140 VIIRS NOAA-20, 07.20.2024 (2024202.2136), run time: 23.85
regridding rows
1.7321851253509521
regridding cols
1.759814977645874
141 VIIRS NOAA-20, 07.21.2024 (2024203.1754), run time: 17.10
regridding rows
4.831735610961914
regridding cols
4.835103511810303
142 VIIRS NOAA-20, 07.21.2024 (2024203.1930), run time: 22.74
regridding rows
8.44441843032837
regridding cols
8.309669256210327
143 VIIRS NOAA-20, 07.21.2024 (2024203.1936), run time: 30.34
regridding rows
8.94981050491333
regridding cols
8.978983163833618
144 VIIRS NOAA-20, 07.21.2024 (2024203.2112), run time: 31.26
regridding rows
5.436001539230347
regridding cols
5.596848964691162
145 VIIRS NOAA-20, 07.21.2024 (2024203.2118), run time: 24.57
regridding rows
1.7295658588409424
regridding cols
1.7603936195373535
146 VIIRS NOAA-20, 07.22.2024 (2024204.1736), run time: 16.62
regridding rows
4.105525255203247
regridding cols
4.13013219833374
147 VIIRS NOAA-20, 07.22.2024 (2024204.1912), run time: 22.65
regridding rows
5.88286828994751
regridding cols
6.019637823104858
148 VIIRS NOAA-20, 07.22.2024 (2024204.1918), run time: 24.88
regridding rows
12.518081188201904
regridding cols
12.509054899215698
149 VIIRS NOAA-20, 07.22.2024 (2024204.2054), run time: 37.81
regridding rows
4.811744928359985
regridding cols
4.834149360656738
150 VIIRS NOAA-20, 07.22.2024 (2024204.2100), run time: 22.80
regridding rows
1.727137804031372
regridding cols
1.7391738891601562
151 VIIRS NOAA-20, 07.23.2024 (2024205.1718), run time: 16.67
regridding rows
3.0420446395874023
regridding cols
3.049375057220459
152 VIIRS NOAA-20, 07.23.2024 (2024205.1854), run time: 21.02
regridding rows
4.1436402797698975
regridding cols
4.15128493309021
153 VIIRS NOAA-20, 07.23.2024 (2024205.1900), run time: 21.53
regridding rows
14.260692596435547
regridding cols
14.240099668502808
154 VIIRS NOAA-20, 07.23.2024 (2024205.2036), run time: 41.29
regridding rows
3.064831018447876
regridding cols
3.087559461593628
155 VIIRS NOAA-20, 07.23.2024 (2024205.2042), run time: 19.69
regridding rows
1.7830891609191895
regridding cols
1.795809268951416
156 VIIRS NOAA-20, 07.23.2024 (2024205.2212), run time: 18.57
regridding rows
2.2126731872558594
regridding cols
2.2315797805786133
157 VIIRS NOAA-20, 07.23.2024 (2024205.2218), run time: 17.81
regridding rows
1.7628388404846191
regridding cols
1.7553329467773438
158 VIIRS NOAA-20, 07.23.2024 (2024205.2224), run time: 17.29
regridding rows
1.683393955230713
regridding cols
1.7525553703308105
159 VIIRS NOAA-20, 07.24.2024 (2024206.1700), run time: 16.74
regridding rows
2.4160358905792236
regridding cols
2.4201250076293945
160 VIIRS NOAA-20, 07.24.2024 (2024206.1836), run time: 18.99
regridding rows
2.8419594764709473
regridding cols
2.7323896884918213
161 VIIRS NOAA-20, 07.24.2024 (2024206.1842), run time: 18.74
regridding rows
3.5957822799682617
regridding cols
3.606100082397461
162 VIIRS NOAA-20, 07.24.2024 (2024206.2012), run time: 19.84
regridding rows
13.974139928817749
regridding cols
13.852680444717407
163 VIIRS NOAA-20, 07.24.2024 (2024206.2018), run time: 40.52
regridding rows
1.766784906387329
regridding cols
1.7892966270446777
164 VIIRS NOAA-20, 07.24.2024 (2024206.2024), run time: 18.27
regridding rows
2.7852718830108643
regridding cols
2.7903687953948975
165 VIIRS NOAA-20, 07.24.2024 (2024206.2154), run time: 18.83
regridding rows
4.124940872192383
regridding cols
4.124223709106445
166 VIIRS NOAA-20, 07.24.2024 (2024206.2200), run time: 21.04
regridding rows
1.7404870986938477
regridding cols
1.7410502433776855
167 VIIRS NOAA-20, 07.24.2024 (2024206.2206), run time: 17.98
regridding rows
1.742042064666748
regridding cols
1.7535240650177002
168 VIIRS NOAA-20, 07.25.2024 (2024207.1642), run time: 16.53
regridding rows
2.083820343017578
regridding cols
2.08915376663208
169 VIIRS NOAA-20, 07.25.2024 (2024207.1818), run time: 17.65
regridding rows
2.006859064102173
regridding cols
1.9842839241027832
170 VIIRS NOAA-20, 07.25.2024 (2024207.1824), run time: 16.99
regridding rows
4.624202251434326
regridding cols
4.628779649734497
171 VIIRS NOAA-20, 07.25.2024 (2024207.1954), run time: 23.40
regridding rows
12.012044191360474
regridding cols
12.005715131759644
172 VIIRS NOAA-20, 07.25.2024 (2024207.2000), run time: 36.69
regridding rows
4.813512086868286
regridding cols
4.823997974395752
173 VIIRS NOAA-20, 07.25.2024 (2024207.2136), run time: 22.80
regridding rows
5.3137733936309814
regridding cols
5.365800380706787
174 VIIRS NOAA-20, 07.25.2024 (2024207.2142), run time: 23.79
regridding rows
1.8153536319732666
regridding cols
1.8180797100067139
175 VIIRS NOAA-20, 07.26.2024 (2024208.1800), run time: 18.02
regridding rows
4.9086103439331055
regridding cols
4.914539813995361
176 VIIRS NOAA-20, 07.26.2024 (2024208.1936), run time: 22.48
regridding rows
9.388274431228638
regridding cols
9.403160810470581
177 VIIRS NOAA-20, 07.26.2024 (2024208.1942), run time: 31.57
regridding rows
7.717947959899902
regridding cols
7.732100486755371
178 VIIRS NOAA-20, 07.26.2024 (2024208.2118), run time: 28.09
Failed **** 179 /scratch/zt1/project/vllgsbr2-prj/raw_data_burnscar/data/noaa_20_viirs/2024_fire_season/VJ109/VJ109.A2024208.2124.002.2024209033540.hdf [Errno -51] NetCDF: Unknown file format: b'/scratch/zt1/project/vllgsbr2-prj/raw_data_burnscar/data/noaa_20_viirs/2024_fire_season/VJ109/VJ109.A2024208.2124.002.2024209033540.hdf'
regridding rows
1.7501680850982666
regridding cols
1.7639963626861572
180 VIIRS NOAA-20, 07.27.2024 (2024209.1742), run time: 16.46
regridding rows
4.4587318897247314
regridding cols
4.48433780670166
181 VIIRS NOAA-20, 07.27.2024 (2024209.1918), run time: 23.56
regridding rows
6.759127378463745
regridding cols
6.63653302192688
182 VIIRS NOAA-20, 07.27.2024 (2024209.1924), run time: 26.18
regridding rows
11.516878843307495
regridding cols
11.501134157180786
183 VIIRS NOAA-20, 07.27.2024 (2024209.2100), run time: 35.56
regridding rows
5.124485492706299
regridding cols
5.057283163070679
184 VIIRS NOAA-20, 07.27.2024 (2024209.2106), run time: 23.02
regridding rows
1.7428107261657715
regridding cols
1.7422492504119873
185 VIIRS NOAA-20, 07.28.2024 (2024210.1724), run time: 18.47
regridding rows
3.3597311973571777
regridding cols
3.3716330528259277
186 VIIRS NOAA-20, 07.28.2024 (2024210.1900), run time: 19.36
regridding rows
4.674968957901001
regridding cols
4.717219591140747
187 VIIRS NOAA-20, 07.28.2024 (2024210.1906), run time: 22.43
regridding rows
13.86503791809082
regridding cols
13.855476140975952
188 VIIRS NOAA-20, 07.28.2024 (2024210.2042), run time: 40.57
regridding rows
3.7752139568328857
regridding cols
3.7803902626037598
189 VIIRS NOAA-20, 07.28.2024 (2024210.2048), run time: 21.70
regridding rows
1.770460844039917
regridding cols
1.7816927433013916
190 VIIRS NOAA-20, 07.28.2024 (2024210.2224), run time: 16.43
regridding rows
1.7576985359191895
regridding cols
1.7667930126190186
191 VIIRS NOAA-20, 07.28.2024 (2024210.2230), run time: 16.96
regridding rows
1.7251558303833008
regridding cols
1.7276995182037354
192 VIIRS NOAA-20, 07.29.2024 (2024211.1706), run time: 17.07
regridding rows
2.5653252601623535
regridding cols
2.5809285640716553
193 VIIRS NOAA-20, 07.29.2024 (2024211.1842), run time: 19.01
regridding rows
3.225224733352661
regridding cols
3.2376673221588135
194 VIIRS NOAA-20, 07.29.2024 (2024211.1848), run time: 19.50
regridding rows
3.032837390899658
regridding cols
3.041055917739868
195 VIIRS NOAA-20, 07.29.2024 (2024211.2018), run time: 18.96
regridding rows
14.366329193115234
regridding cols
14.388539791107178
196 VIIRS NOAA-20, 07.29.2024 (2024211.2024), run time: 41.63
regridding rows
1.9723100662231445
regridding cols
1.9930119514465332
197 VIIRS NOAA-20, 07.29.2024 (2024211.2030), run time: 17.86
regridding rows
2.309795379638672
regridding cols
2.3109047412872314
198 VIIRS NOAA-20, 07.29.2024 (2024211.2200), run time: 17.68
regridding rows
3.4672775268554688
regridding cols
3.4590835571289062
199 VIIRS NOAA-20, 07.29.2024 (2024211.2206), run time: 19.48
regridding rows
1.7378056049346924
regridding cols
1.741478681564331
200 VIIRS NOAA-20, 07.29.2024 (2024211.2212), run time: 17.89
regridding rows
1.7375366687774658
regridding cols
1.7562255859375
201 VIIRS NOAA-20, 07.30.2024 (2024212.1648), run time: 17.79
regridding rows
2.146862268447876
regridding cols
2.1573150157928467
202 VIIRS NOAA-20, 07.30.2024 (2024212.1824), run time: 17.40
regridding rows
2.214564085006714
regridding cols
2.1817915439605713
203 VIIRS NOAA-20, 07.30.2024 (2024212.1830), run time: 17.75
regridding rows
4.381659269332886
regridding cols
4.4040045738220215
204 VIIRS NOAA-20, 07.30.2024 (2024212.2000), run time: 23.17
regridding rows
12.83327054977417
regridding cols
12.699621677398682
205 VIIRS NOAA-20, 07.30.2024 (2024212.2006), run time: 38.42
regridding rows
1.7294917106628418
regridding cols
1.7463440895080566
206 VIIRS NOAA-20, 07.30.2024 (2024212.2012), run time: 16.68
regridding rows
4.047473192214966
regridding cols
4.062287330627441
207 VIIRS NOAA-20, 07.30.2024 (2024212.2142), run time: 21.20
regridding rows
5.0426154136657715
regridding cols
5.062263250350952
208 VIIRS NOAA-20, 07.30.2024 (2024212.2148), run time: 23.91
regridding rows
1.7516436576843262
regridding cols
1.7597920894622803
209 VIIRS NOAA-20, 07.31.2024 (2024213.1630), run time: 16.60
regridding rows
1.9280879497528076
regridding cols
1.921064853668213
210 VIIRS NOAA-20, 07.31.2024 (2024213.1806), run time: 17.65
regridding rows
4.873735427856445
regridding cols
4.887864351272583
211 VIIRS NOAA-20, 07.31.2024 (2024213.1942), run time: 22.72
regridding rows
10.293531894683838
regridding cols
10.308445930480957
212 VIIRS NOAA-20, 07.31.2024 (2024213.1948), run time: 34.97
regridding rows
6.634892225265503
regridding cols
6.648303985595703
213 VIIRS NOAA-20, 07.31.2024 (2024213.2124), run time: 25.97
regridding rows
5.519761800765991
regridding cols
5.6251068115234375
214 VIIRS NOAA-20, 07.31.2024 (2024213.2130), run time: 24.55
regridding rows
1.732893466949463
regridding cols
1.7451353073120117
215 VIIRS NOAA-20, 08.01.2024 (2024214.1748), run time: 16.95
regridding rows
4.712456226348877
regridding cols
4.727519750595093
216 VIIRS NOAA-20, 08.01.2024 (2024214.1924), run time: 22.84
regridding rows
7.611538410186768
regridding cols
7.62332010269165
217 VIIRS NOAA-20, 08.01.2024 (2024214.1930), run time: 28.12
regridding rows
10.261125326156616
regridding cols
10.264125347137451
218 VIIRS NOAA-20, 08.01.2024 (2024214.2106), run time: 33.15
regridding rows
5.4307615756988525
regridding cols
5.44161581993103
219 VIIRS NOAA-20, 08.01.2024 (2024214.2112), run time: 23.62
regridding rows
1.7370877265930176
regridding cols
1.7496044635772705
220 VIIRS NOAA-20, 08.02.2024 (2024215.1730), run time: 17.50
regridding rows
3.7803585529327393
regridding cols
3.792630434036255
221 VIIRS NOAA-20, 08.02.2024 (2024215.1906), run time: 20.22
regridding rows
5.333436727523804
regridding cols
5.222174167633057
222 VIIRS NOAA-20, 08.02.2024 (2024215.1912), run time: 23.41
regridding rows
13.32207727432251
regridding cols
13.326964616775513
223 VIIRS NOAA-20, 08.02.2024 (2024215.2048), run time: 40.08
regridding rows
4.251404523849487
regridding cols
4.406303644180298
224 VIIRS NOAA-20, 08.02.2024 (2024215.2054), run time: 21.87
regridding rows
1.7578232288360596
regridding cols
1.7584762573242188
225 VIIRS NOAA-20, 08.02.2024 (2024215.2236), run time: 18.66
regridding rows
1.7541279792785645
regridding cols
1.7725179195404053
226 VIIRS NOAA-20, 08.03.2024 (2024216.1712), run time: 16.49
regridding rows
2.7954602241516113
regridding cols
2.8050119876861572
227 VIIRS NOAA-20, 08.03.2024 (2024216.1848), run time: 18.67
regridding rows
3.566420316696167
regridding cols
3.569387912750244
228 VIIRS NOAA-20, 08.03.2024 (2024216.1854), run time: 21.20
regridding rows
2.5234944820404053
regridding cols
2.5245375633239746
229 VIIRS NOAA-20, 08.03.2024 (2024216.2024), run time: 17.99
regridding rows
14.45363187789917
regridding cols
14.477250099182129
230 VIIRS NOAA-20, 08.03.2024 (2024216.2030), run time: 41.78
regridding rows
2.350813865661621
regridding cols
2.3578879833221436
231 VIIRS NOAA-20, 08.03.2024 (2024216.2036), run time: 17.60
regridding rows
1.9892640113830566
regridding cols
1.999706745147705
232 VIIRS NOAA-20, 08.03.2024 (2024216.2206), run time: 17.86
regridding rows
2.811079740524292
regridding cols
2.8183226585388184
233 VIIRS NOAA-20, 08.03.2024 (2024216.2212), run time: 18.54
regridding rows
1.741912603378296
regridding cols
1.76253080368042
234 VIIRS NOAA-20, 08.03.2024 (2024216.2218), run time: 16.93
regridding rows
1.7365243434906006
regridding cols
1.7519469261169434
235 VIIRS NOAA-20, 08.04.2024 (2024217.1654), run time: 16.73
regridding rows
2.256901502609253
regridding cols
2.278277635574341
236 VIIRS NOAA-20, 08.04.2024 (2024217.1830), run time: 18.44
regridding rows
2.445784091949463
regridding cols
2.5237085819244385
237 VIIRS NOAA-20, 08.04.2024 (2024217.1836), run time: 18.38
regridding rows
4.08470892906189
regridding cols
4.07491397857666
238 VIIRS NOAA-20, 08.04.2024 (2024217.2006), run time: 20.79
regridding rows
13.458506107330322
regridding cols
13.476208686828613
239 VIIRS NOAA-20, 08.04.2024 (2024217.2012), run time: 39.59
regridding rows
1.734544038772583
regridding cols
1.7339606285095215
240 VIIRS NOAA-20, 08.04.2024 (2024217.2018), run time: 17.76
regridding rows
3.424309492111206
regridding cols
3.4369523525238037
241 VIIRS NOAA-20, 08.04.2024 (2024217.2148), run time: 19.94
regridding rows
4.757572174072266
regridding cols
4.7777464389801025
242 VIIRS NOAA-20, 08.04.2024 (2024217.2154), run time: 22.44
regridding rows
1.7361524105072021
regridding cols
1.7382421493530273
243 VIIRS NOAA-20, 08.04.2024 (2024217.2200), run time: 17.05
regridding rows
1.7458295822143555
regridding cols
1.7620658874511719
244 VIIRS NOAA-20, 08.05.2024 (2024218.1636), run time: 17.10
regridding rows
2.017667055130005
regridding cols
2.025643825531006
245 VIIRS NOAA-20, 08.05.2024 (2024218.1812), run time: 16.98
regridding rows
1.7600243091583252
regridding cols
1.8247349262237549
246 VIIRS NOAA-20, 08.05.2024 (2024218.1818), run time: 16.72
regridding rows
4.8041887283325195
regridding cols
4.815887689590454
247 VIIRS NOAA-20, 08.05.2024 (2024218.1948), run time: 22.23
regridding rows
11.154587030410767
regridding cols
11.131307125091553
248 VIIRS NOAA-20, 08.05.2024 (2024218.1954), run time: 36.54
regridding rows
5.67059063911438
regridding cols
5.670865297317505
249 VIIRS NOAA-20, 08.05.2024 (2024218.2130), run time: 24.04
regridding rows
5.477334976196289
regridding cols
5.4676878452301025
250 VIIRS NOAA-20, 08.05.2024 (2024218.2136), run time: 24.00
regridding rows
1.743297815322876
regridding cols
1.758068323135376
251 VIIRS NOAA-20, 08.06.2024 (2024219.1754), run time: 16.76
regridding rows
4.846739768981934
regridding cols
4.85208797454834
252 VIIRS NOAA-20, 08.06.2024 (2024219.1930), run time: 23.59
regridding rows
8.48088812828064
regridding cols
8.4791259765625
253 VIIRS NOAA-20, 08.06.2024 (2024219.1936), run time: 29.84
regridding rows
8.968109369277954
regridding cols
8.983118295669556
254 VIIRS NOAA-20, 08.06.2024 (2024219.2112), run time: 30.60
regridding rows
5.537509202957153
regridding cols
5.41829252243042
255 VIIRS NOAA-20, 08.06.2024 (2024219.2118), run time: 23.55
regridding rows
1.7188670635223389
regridding cols
1.7341008186340332
256 VIIRS NOAA-20, 08.07.2024 (2024220.1736), run time: 22.57
regridding rows
4.155279874801636
regridding cols
4.174574851989746
257 VIIRS NOAA-20, 08.07.2024 (2024220.1912), run time: 21.61
regridding rows
5.854129314422607
regridding cols
5.864007472991943
258 VIIRS NOAA-20, 08.07.2024 (2024220.1918), run time: 24.87
regridding rows
12.511765241622925
regridding cols
12.518787860870361
259 VIIRS NOAA-20, 08.07.2024 (2024220.2054), run time: 37.65
regridding rows
4.82360315322876
regridding cols
4.689278602600098
260 VIIRS NOAA-20, 08.07.2024 (2024220.2100), run time: 22.56
regridding rows
1.7375433444976807
regridding cols
1.7463488578796387
261 VIIRS NOAA-20, 08.08.2024 (2024221.1718), run time: 18.24
regridding rows
3.082549571990967
regridding cols
3.091062068939209
262 VIIRS NOAA-20, 08.08.2024 (2024221.1854), run time: 19.07
regridding rows
4.034652948379517
regridding cols
4.123911142349243
263 VIIRS NOAA-20, 08.08.2024 (2024221.1900), run time: 21.79
regridding rows
14.224563121795654
regridding cols
14.233449697494507
264 VIIRS NOAA-20, 08.08.2024 (2024221.2036), run time: 41.68
regridding rows
2.947528600692749
regridding cols
3.0521163940429688
265 VIIRS NOAA-20, 08.08.2024 (2024221.2042), run time: 21.18
regridding rows
1.7760138511657715
regridding cols
1.7982122898101807
266 VIIRS NOAA-20, 08.08.2024 (2024221.2212), run time: 16.44
regridding rows
2.2067818641662598
regridding cols
2.198765277862549
267 VIIRS NOAA-20, 08.08.2024 (2024221.2218), run time: 17.33
regridding rows
1.7334730625152588
regridding cols
1.7588412761688232
268 VIIRS NOAA-20, 08.08.2024 (2024221.2224), run time: 17.23
regridding rows
1.7455103397369385
regridding cols
1.7662487030029297
269 VIIRS NOAA-20, 08.09.2024 (2024222.1700), run time: 16.27
regridding rows
2.423105001449585
regridding cols
2.43550443649292
270 VIIRS NOAA-20, 08.09.2024 (2024222.1836), run time: 17.78
regridding rows
2.8155391216278076
regridding cols
2.848052740097046
271 VIIRS NOAA-20, 08.09.2024 (2024222.1842), run time: 18.39
regridding rows
3.7039008140563965
regridding cols
3.7226359844207764
272 VIIRS NOAA-20, 08.09.2024 (2024222.2012), run time: 21.80
regridding rows
13.907912969589233
regridding cols
13.917673826217651
273 VIIRS NOAA-20, 08.09.2024 (2024222.2018), run time: 40.18
regridding rows
1.773094654083252
regridding cols
1.7821414470672607
274 VIIRS NOAA-20, 08.09.2024 (2024222.2024), run time: 16.90
regridding rows
2.7939274311065674
regridding cols
2.81136155128479
275 VIIRS NOAA-20, 08.09.2024 (2024222.2154), run time: 18.47
regridding rows
4.0760276317596436
regridding cols
4.067805051803589
276 VIIRS NOAA-20, 08.09.2024 (2024222.2200), run time: 21.15
regridding rows
1.7209773063659668
regridding cols
1.7358810901641846
277 VIIRS NOAA-20, 08.09.2024 (2024222.2206), run time: 16.99
regridding rows
1.732861042022705
regridding cols
1.7476367950439453
278 VIIRS NOAA-20, 08.10.2024 (2024223.1642), run time: 16.65
regridding rows
2.1036882400512695
regridding cols
2.1034882068634033
279 VIIRS NOAA-20, 08.10.2024 (2024223.1818), run time: 16.95
regridding rows
1.9423608779907227
regridding cols
1.9590775966644287
280 VIIRS NOAA-20, 08.10.2024 (2024223.1824), run time: 16.81
regridding rows
4.6657092571258545
regridding cols
4.677185297012329
281 VIIRS NOAA-20, 08.10.2024 (2024223.1954), run time: 21.97
regridding rows
11.98594856262207
regridding cols
12.00410795211792
282 VIIRS NOAA-20, 08.10.2024 (2024223.2000), run time: 36.99
regridding rows
4.843109130859375
regridding cols
4.86034893989563
283 VIIRS NOAA-20, 08.10.2024 (2024223.2136), run time: 22.69
regridding rows
5.260379314422607
regridding cols
5.227956771850586
284 VIIRS NOAA-20, 08.10.2024 (2024223.2142), run time: 24.05
regridding rows
1.823284387588501
regridding cols
1.8382456302642822
285 VIIRS NOAA-20, 08.11.2024 (2024224.1800), run time: 17.43
regridding rows
4.95845365524292
regridding cols
4.951395750045776
286 VIIRS NOAA-20, 08.11.2024 (2024224.1936), run time: 22.78
regridding rows
9.348204851150513
regridding cols
9.343225717544556
287 VIIRS NOAA-20, 08.11.2024 (2024224.1942), run time: 31.62
regridding rows
7.763737678527832
regridding cols
7.775431394577026
288 VIIRS NOAA-20, 08.11.2024 (2024224.2118), run time: 28.82
regridding rows
5.508072376251221
regridding cols
5.460334062576294
289 VIIRS NOAA-20, 08.11.2024 (2024224.2124), run time: 24.27
regridding rows
1.7328648567199707
regridding cols
1.7549777030944824
290 VIIRS NOAA-20, 08.12.2024 (2024225.1742), run time: 16.64
regridding rows
4.521266460418701
regridding cols
4.524528503417969
291 VIIRS NOAA-20, 08.12.2024 (2024225.1918), run time: 21.86
regridding rows
6.729339361190796
regridding cols
6.694543838500977
292 VIIRS NOAA-20, 08.12.2024 (2024225.1924), run time: 27.46
regridding rows
11.607011079788208
regridding cols
11.624586820602417
293 VIIRS NOAA-20, 08.12.2024 (2024225.2100), run time: 35.81
regridding rows
5.0355823040008545
regridding cols
5.027315139770508
294 VIIRS NOAA-20, 08.12.2024 (2024225.2106), run time: 23.27
regridding rows
1.7428083419799805
regridding cols
1.7545969486236572
295 VIIRS NOAA-20, 08.13.2024 (2024226.1724), run time: 16.99
regridding rows
3.4399566650390625
regridding cols
3.448491334915161
296 VIIRS NOAA-20, 08.13.2024 (2024226.1900), run time: 20.19
regridding rows
4.652709484100342
regridding cols
4.645254373550415
297 VIIRS NOAA-20, 08.13.2024 (2024226.1906), run time: 22.22
regridding rows
13.948514461517334
regridding cols
13.980425357818604
298 VIIRS NOAA-20, 08.13.2024 (2024226.2042), run time: 40.95
regridding rows
3.653716564178467
regridding cols
3.6658363342285156
299 VIIRS NOAA-20, 08.13.2024 (2024226.2048), run time: 20.37
regridding rows
1.734123706817627
regridding cols
1.7514355182647705
300 VIIRS NOAA-20, 08.13.2024 (2024226.2218), run time: 16.91
regridding rows
1.7796881198883057
regridding cols
1.8320565223693848
301 VIIRS NOAA-20, 08.13.2024 (2024226.2224), run time: 16.69
regridding rows
1.731797456741333
regridding cols
1.75480318069458
302 VIIRS NOAA-20, 08.13.2024 (2024226.2230), run time: 16.89
regridding rows
1.739811897277832
regridding cols
1.750443458557129
303 VIIRS NOAA-20, 08.14.2024 (2024227.1706), run time: 16.77
regridding rows
2.633155345916748
regridding cols
2.6404526233673096
304 VIIRS NOAA-20, 08.14.2024 (2024227.1842), run time: 18.67
regridding rows
3.1461126804351807
regridding cols
3.160630941390991
305 VIIRS NOAA-20, 08.14.2024 (2024227.1848), run time: 19.04
regridding rows
3.2090446949005127
regridding cols
3.226184844970703
306 VIIRS NOAA-20, 08.14.2024 (2024227.2018), run time: 19.26
regridding rows
14.176049709320068
regridding cols
14.284623861312866
307 VIIRS NOAA-20, 08.14.2024 (2024227.2024), run time: 42.13
regridding rows
1.9083685874938965
regridding cols
1.9190757274627686
308 VIIRS NOAA-20, 08.14.2024 (2024227.2030), run time: 17.85
regridding rows
2.345754623413086
regridding cols
2.360787868499756
309 VIIRS NOAA-20, 08.14.2024 (2024227.2200), run time: 17.55
regridding rows
3.3917043209075928
regridding cols
3.420888900756836
310 VIIRS NOAA-20, 08.14.2024 (2024227.2206), run time: 19.62
regridding rows
1.7471246719360352
regridding cols
1.7708284854888916
311 VIIRS NOAA-20, 08.14.2024 (2024227.2212), run time: 16.92
regridding rows
1.729644536972046
regridding cols
1.7436964511871338
312 VIIRS NOAA-20, 08.15.2024 (2024228.1648), run time: 17.16
regridding rows
2.2273988723754883
regridding cols
2.2430171966552734
313 VIIRS NOAA-20, 08.15.2024 (2024228.1824), run time: 17.43
regridding rows
2.1555123329162598
regridding cols
2.159191370010376
314 VIIRS NOAA-20, 08.15.2024 (2024228.1830), run time: 17.72
regridding rows
4.599191427230835
regridding cols
4.6116063594818115
315 VIIRS NOAA-20, 08.15.2024 (2024228.2000), run time: 22.01
regridding rows
12.635163307189941
regridding cols
12.626066207885742
316 VIIRS NOAA-20, 08.15.2024 (2024228.2006), run time: 38.36
regridding rows
1.7519211769104004
regridding cols
1.7636754512786865
317 VIIRS NOAA-20, 08.15.2024 (2024228.2012), run time: 16.76
regridding rows
4.099111080169678
regridding cols
4.102997064590454
318 VIIRS NOAA-20, 08.15.2024 (2024228.2142), run time: 20.74
regridding rows
4.985968351364136
regridding cols
4.967255353927612
319 VIIRS NOAA-20, 08.15.2024 (2024228.2148), run time: 22.96
regridding rows
1.7577929496765137
regridding cols
1.7657935619354248
320 VIIRS NOAA-20, 08.16.2024 (2024229.1630), run time: 17.14
regridding rows
1.9390230178833008
regridding cols
1.9695096015930176
321 VIIRS NOAA-20, 08.16.2024 (2024229.1806), run time: 16.87
regridding rows
5.065607070922852
regridding cols
5.073019027709961
322 VIIRS NOAA-20, 08.16.2024 (2024229.1942), run time: 22.94
regridding rows
10.161409854888916
regridding cols
10.04899287223816
323 VIIRS NOAA-20, 08.16.2024 (2024229.1948), run time: 33.04
regridding rows
6.730125904083252
regridding cols
6.754028558731079
324 VIIRS NOAA-20, 08.16.2024 (2024229.2124), run time: 26.68
regridding rows
5.417005300521851
regridding cols
5.484612703323364
325 VIIRS NOAA-20, 08.16.2024 (2024229.2130), run time: 23.98
regridding rows
1.7379209995269775
regridding cols
1.7525479793548584
326 VIIRS NOAA-20, 08.17.2024 (2024230.1748), run time: 16.58
regridding rows
4.880296468734741
regridding cols
4.883383512496948
327 VIIRS NOAA-20, 08.17.2024 (2024230.1924), run time: 22.84
regridding rows
7.351310729980469
regridding cols
7.494536638259888
328 VIIRS NOAA-20, 08.17.2024 (2024230.1930), run time: 29.72
regridding rows
10.505520820617676
regridding cols
10.515074253082275
329 VIIRS NOAA-20, 08.17.2024 (2024230.2106), run time: 33.56
regridding rows
5.1259605884552
regridding cols
5.198343992233276
330 VIIRS NOAA-20, 08.17.2024 (2024230.2112), run time: 22.97
regridding rows
1.7585399150848389
regridding cols
1.7728965282440186
331 VIIRS NOAA-20, 08.18.2024 (2024231.1730), run time: 16.75
regridding rows
3.9052155017852783
regridding cols
3.9196505546569824
332 VIIRS NOAA-20, 08.18.2024 (2024231.1906), run time: 21.62
regridding rows
5.103337287902832
regridding cols
5.103159666061401
333 VIIRS NOAA-20, 08.18.2024 (2024231.1912), run time: 23.22
regridding rows
13.586409330368042
regridding cols
13.61673903465271
334 VIIRS NOAA-20, 08.18.2024 (2024231.2048), run time: 39.59
regridding rows
4.100661993026733
regridding cols
3.966306209564209
335 VIIRS NOAA-20, 08.18.2024 (2024231.2054), run time: 20.85
regridding rows
1.7153823375701904
regridding cols
1.7430651187896729
336 VIIRS NOAA-20, 08.18.2024 (2024231.2236), run time: 18.03
regridding rows
1.7572557926177979
regridding cols
1.7700905799865723
337 VIIRS NOAA-20, 08.19.2024 (2024232.1712), run time: 16.53
regridding rows
2.925138473510742
regridding cols
2.9358773231506348
338 VIIRS NOAA-20, 08.19.2024 (2024232.1848), run time: 18.92
regridding rows
3.538881301879883
regridding cols
3.564871072769165
339 VIIRS NOAA-20, 08.19.2024 (2024232.1854), run time: 19.83
regridding rows
2.8093488216400146
regridding cols
2.8312418460845947
340 VIIRS NOAA-20, 08.19.2024 (2024232.2024), run time: 18.98
regridding rows
14.363002300262451
regridding cols
14.475523233413696
341 VIIRS NOAA-20, 08.19.2024 (2024232.2030), run time: 41.26
regridding rows
2.1418302059173584
regridding cols
2.1460070610046387
342 VIIRS NOAA-20, 08.19.2024 (2024232.2036), run time: 17.18
regridding rows
2.0116448402404785
regridding cols
2.0243735313415527
343 VIIRS NOAA-20, 08.19.2024 (2024232.2206), run time: 16.86
regridding rows
2.8254141807556152
regridding cols
2.832932233810425
344 VIIRS NOAA-20, 08.19.2024 (2024232.2212), run time: 19.02
regridding rows
1.760502815246582
regridding cols
1.7698497772216797
345 VIIRS NOAA-20, 08.19.2024 (2024232.2218), run time: 16.86
regridding rows
1.7486073970794678
regridding cols
1.7670297622680664
346 VIIRS NOAA-20, 08.20.2024 (2024233.1654), run time: 16.64
regridding rows
2.3926374912261963
regridding cols
2.397129535675049
347 VIIRS NOAA-20, 08.20.2024 (2024233.1830), run time: 18.63
regridding rows
2.389545440673828
regridding cols
2.347395896911621
348 VIIRS NOAA-20, 08.20.2024 (2024233.1836), run time: 18.21
regridding rows
4.433232069015503
regridding cols
4.457734823226929
349 VIIRS NOAA-20, 08.20.2024 (2024233.2006), run time: 22.00
regridding rows
13.047230958938599
regridding cols
13.013102293014526
350 VIIRS NOAA-20, 08.20.2024 (2024233.2012), run time: 38.66
regridding rows
1.7654104232788086
regridding cols
1.7737326622009277
351 VIIRS NOAA-20, 08.20.2024 (2024233.2018), run time: 17.16
regridding rows
3.5510964393615723
regridding cols
3.521352767944336
352 VIIRS NOAA-20, 08.20.2024 (2024233.2148), run time: 20.47
regridding rows
4.650332689285278
regridding cols
4.699249982833862
353 VIIRS NOAA-20, 08.20.2024 (2024233.2154), run time: 21.94
regridding rows
1.7602121829986572
regridding cols
1.7805602550506592
354 VIIRS NOAA-20, 08.21.2024 (2024234.1636), run time: 16.87
regridding rows
2.0725739002227783
regridding cols
2.0909759998321533
355 VIIRS NOAA-20, 08.21.2024 (2024234.1812), run time: 17.38
regridding rows
5.119981288909912
regridding cols
5.133748292922974
356 VIIRS NOAA-20, 08.21.2024 (2024234.1948), run time: 24.29
regridding rows
10.773492336273193
regridding cols
10.893704891204834
357 VIIRS NOAA-20, 08.21.2024 (2024234.1954), run time: 34.69
regridding rows
5.876142263412476
regridding cols
5.879064321517944
358 VIIRS NOAA-20, 08.21.2024 (2024234.2130), run time: 24.44
regridding rows
5.37804913520813
regridding cols
5.364009618759155
359 VIIRS NOAA-20, 08.21.2024 (2024234.2136), run time: 23.78
regridding rows
1.7648324966430664
regridding cols
1.7769348621368408
360 VIIRS NOAA-20, 08.22.2024 (2024235.1754), run time: 17.50
regridding rows
5.149653434753418
regridding cols
5.142807483673096
361 VIIRS NOAA-20, 08.22.2024 (2024235.1930), run time: 23.31
regridding rows
8.097706317901611
regridding cols
8.091901540756226
362 VIIRS NOAA-20, 08.22.2024 (2024235.1936), run time: 29.13
regridding rows
9.250330924987793
regridding cols
9.297794818878174
363 VIIRS NOAA-20, 08.22.2024 (2024235.2112), run time: 31.41
regridding rows
5.228050947189331
regridding cols
5.251868724822998
364 VIIRS NOAA-20, 08.22.2024 (2024235.2118), run time: 23.54
regridding rows
1.7500803470611572
regridding cols
1.7587745189666748
365 VIIRS NOAA-20, 08.23.2024 (2024236.1736), run time: 16.62
regridding rows
4.380691766738892
regridding cols
4.397512435913086
366 VIIRS NOAA-20, 08.23.2024 (2024236.1912), run time: 21.99
regridding rows
5.74011754989624
regridding cols
5.814115285873413
367 VIIRS NOAA-20, 08.23.2024 (2024236.1918), run time: 24.32
regridding rows
12.934998273849487
regridding cols
12.949851036071777
368 VIIRS NOAA-20, 08.23.2024 (2024236.2054), run time: 40.07
regridding rows
4.279616832733154
regridding cols
4.439363479614258
369 VIIRS NOAA-20, 08.23.2024 (2024236.2100), run time: 22.12
regridding rows
1.7348027229309082
regridding cols
1.7419064044952393
370 VIIRS NOAA-20, 08.23.2024 (2024236.2242), run time: 16.86
regridding rows
1.7509346008300781
regridding cols
1.7479753494262695
371 VIIRS NOAA-20, 08.24.2024 (2024237.1718), run time: 16.42
regridding rows
3.260684013366699
regridding cols
3.27066969871521
372 VIIRS NOAA-20, 08.24.2024 (2024237.1854), run time: 19.67
regridding rows
3.851194381713867
regridding cols
3.915513277053833
373 VIIRS NOAA-20, 08.24.2024 (2024237.1900), run time: 20.71
regridding rows
2.4175608158111572
regridding cols
2.4268100261688232
374 VIIRS NOAA-20, 08.24.2024 (2024237.2030), run time: 17.70
regridding rows
14.459973096847534
regridding cols
14.467599391937256
375 VIIRS NOAA-20, 08.24.2024 (2024237.2036), run time: 41.77
regridding rows
2.5310747623443604
regridding cols
2.5435845851898193
376 VIIRS NOAA-20, 08.24.2024 (2024237.2042), run time: 18.72
regridding rows
1.7972140312194824
regridding cols
1.8084487915039062
377 VIIRS NOAA-20, 08.24.2024 (2024237.2212), run time: 19.97
regridding rows
2.217421531677246
regridding cols
2.2266483306884766
378 VIIRS NOAA-20, 08.24.2024 (2024237.2218), run time: 17.19
regridding rows
1.744544506072998
regridding cols
1.7620000839233398
379 VIIRS NOAA-20, 08.24.2024 (2024237.2224), run time: 17.05
regridding rows
1.758821725845337
regridding cols
1.7760436534881592
380 VIIRS NOAA-20, 08.25.2024 (2024238.1700), run time: 17.39
regridding rows
2.5945181846618652
regridding cols
2.591836929321289
381 VIIRS NOAA-20, 08.25.2024 (2024238.1836), run time: 18.40
regridding rows
2.6930978298187256
regridding cols
2.6918210983276367
382 VIIRS NOAA-20, 08.25.2024 (2024238.1842), run time: 18.21
regridding rows
4.134424924850464
regridding cols
4.142979621887207
383 VIIRS NOAA-20, 08.25.2024 (2024238.2012), run time: 20.93
regridding rows
13.503297090530396
regridding cols
13.491138458251953
384 VIIRS NOAA-20, 08.25.2024 (2024238.2018), run time: 39.92
regridding rows
1.7500593662261963
regridding cols
1.7769362926483154
385 VIIRS NOAA-20, 08.25.2024 (2024238.2024), run time: 16.89
regridding rows
2.945835590362549
regridding cols
2.961655378341675
386 VIIRS NOAA-20, 08.25.2024 (2024238.2154), run time: 19.04
regridding rows
3.980025291442871
regridding cols
4.002009630203247
387 VIIRS NOAA-20, 08.25.2024 (2024238.2200), run time: 21.60
